INFO  time: initialize in 0.7s
WARN  no build tool detected in workspace '/home/hadoop/Workspace/scala_project/src'. The most common cause for this problem is that the editor was opened in the wrong working directory, for example if you use sbt then the workspace directory should contain build.sbt. 
WARN  no build target: /home/hadoop/Workspace/scala_project/src/main/scala/PageRank.scala
INFO  no build target: using presentation compiler with only scala-library
WARN  no build tool detected in workspace '/home/hadoop/Workspace/scala_project/src'. The most common cause for this problem is that the editor was opened in the wrong working directory, for example if you use sbt then the workspace directory should contain build.sbt. 
WARN  no build target: /home/hadoop/Workspace/scala_project/src/main/scala/PageRank.scala
WARN  no build target: /home/hadoop/Workspace/scala_project/src/main/scala/PageRank.scala
INFO  shutting down Metals
INFO  time: initialize in 1.48s
WARN  no build tool detected in workspace '/home/hadoop/Workspace/scala_project/src'. The most common cause for this problem is that the editor was opened in the wrong working directory, for example if you use sbt then the workspace directory should contain build.sbt. 
WARN  no build target: /home/hadoop/Workspace/scala_project/src/main/scala/PageRank.scala
INFO  no build target: using presentation compiler with only scala-library
something's wrong: no file:///home/hadoop/Workspace/scala_project/src/main/scala/PageRank.scala in Array[String]RangePosition(file:///home/hadoop/Workspace/scala_project/src/main/scala/PageRank.scala, 1560, 1560, 1573)
WARN  no build target: /home/hadoop/Workspace/scala_project/src/main/scala/PageRank.scala
WARN  no build tool detected in workspace '/home/hadoop/Workspace/scala_project/src'. The most common cause for this problem is that the editor was opened in the wrong working directory, for example if you use sbt then the workspace directory should contain build.sbt. 
WARN  no build target: /home/hadoop/Workspace/scala_project/src/main/scala/PageRank.scala
Jul 09, 2019 5:40:46 PM org.eclipse.lsp4j.jsonrpc.RemoteEndpoint handleCancellation
WARNING: Unmatched cancel notification for request id 73
WARN  no build target: /home/hadoop/Workspace/scala_project/src/main/scala/PageRank.scala
WARN  no build tool detected in workspace '/home/hadoop/Workspace/scala_project/src'. The most common cause for this problem is that the editor was opened in the wrong working directory, for example if you use sbt then the workspace directory should contain build.sbt. 
WARN  no build target: /home/hadoop/Workspace/scala_project/src/main/scala/PageRank.scala
WARN  no build tool detected in workspace '/home/hadoop/Workspace/scala_project/src'. The most common cause for this problem is that the editor was opened in the wrong working directory, for example if you use sbt then the workspace directory should contain build.sbt. 
WARN  no build tool detected in workspace '/home/hadoop/Workspace/scala_project/src'. The most common cause for this problem is that the editor was opened in the wrong working directory, for example if you use sbt then the workspace directory should contain build.sbt. 
WARN  no build tool detected in workspace '/home/hadoop/Workspace/scala_project/src'. The most common cause for this problem is that the editor was opened in the wrong working directory, for example if you use sbt then the workspace directory should contain build.sbt. 
WARN  no build target: /home/hadoop/Workspace/scala_project/src/main/scala/PageRank.scala
WARN  no build target: /home/hadoop/Workspace/scala_project/src/main/scala/PageRank.scala
something's wrong: no file:///home/hadoop/Workspace/scala_project/src/main/scala/PageRank.scala in Array[<error>]RangePosition(file:///home/hadoop/Workspace/scala_project/src/main/scala/PageRank.scala, 880, 880, 895)
something's wrong: no file:///home/hadoop/Workspace/scala_project/src/main/scala/PageRank.scala in Array[<error>]RangePosition(file:///home/hadoop/Workspace/scala_project/src/main/scala/PageRank.scala, 880, 880, 888)
something's wrong: no file:///home/hadoop/Workspace/scala_project/src/main/scala/PageRank.scala in Array[<error>]RangePosition(file:///home/hadoop/Workspace/scala_project/src/main/scala/PageRank.scala, 880, 880, 895)
something's wrong: no file:///home/hadoop/Workspace/scala_project/src/main/scala/PageRank.scala in Array[<error>]RangePosition(file:///home/hadoop/Workspace/scala_project/src/main/scala/PageRank.scala, 880, 880, 888)
something's wrong: no file:///home/hadoop/Workspace/scala_project/src/main/scala/PageRank.scala in Array[<error>]RangePosition(file:///home/hadoop/Workspace/scala_project/src/main/scala/PageRank.scala, 880, 880, 889)
something's wrong: no file:///home/hadoop/Workspace/scala_project/src/main/scala/PageRank.scala in Array[<error>]RangePosition(file:///home/hadoop/Workspace/scala_project/src/main/scala/PageRank.scala, 880, 880, 888)
something's wrong: no file:///home/hadoop/Workspace/scala_project/src/main/scala/PageRank.scala in Array[<error>]RangePosition(file:///home/hadoop/Workspace/scala_project/src/main/scala/PageRank.scala, 880, 880, 889)
something's wrong: no file:///home/hadoop/Workspace/scala_project/src/main/scala/PageRank.scala in Array[<error>]RangePosition(file:///home/hadoop/Workspace/scala_project/src/main/scala/PageRank.scala, 880, 880, 890)
something's wrong: no file:///home/hadoop/Workspace/scala_project/src/main/scala/PageRank.scala in Array[<error>]RangePosition(file:///home/hadoop/Workspace/scala_project/src/main/scala/PageRank.scala, 880, 880, 891)
something's wrong: no file:///home/hadoop/Workspace/scala_project/src/main/scala/PageRank.scala in Array[<error>]RangePosition(file:///home/hadoop/Workspace/scala_project/src/main/scala/PageRank.scala, 880, 880, 892)
something's wrong: no file:///home/hadoop/Workspace/scala_project/src/main/scala/PageRank.scala in Array[Double]RangePosition(file:///home/hadoop/Workspace/scala_project/src/main/scala/PageRank.scala, 880, 880, 893)
something's wrong: no file:///home/hadoop/Workspace/scala_project/src/main/scala/PageRank.scala in Array[Double]RangePosition(file:///home/hadoop/Workspace/scala_project/src/main/scala/PageRank.scala, 880, 880, 893)
WARN  no build target: /home/hadoop/Workspace/scala_project/src/main/scala/PageRank.scala
WARN  no build tool detected in workspace '/home/hadoop/Workspace/scala_project/src'. The most common cause for this problem is that the editor was opened in the wrong working directory, for example if you use sbt then the workspace directory should contain build.sbt. 
WARN  no build target: /home/hadoop/Workspace/scala_project/src/main/scala/PageRank.scala
WARN  no build tool detected in workspace '/home/hadoop/Workspace/scala_project/src'. The most common cause for this problem is that the editor was opened in the wrong working directory, for example if you use sbt then the workspace directory should contain build.sbt. 
WARN  no build tool detected in workspace '/home/hadoop/Workspace/scala_project/src'. The most common cause for this problem is that the editor was opened in the wrong working directory, for example if you use sbt then the workspace directory should contain build.sbt. 
WARN  no build tool detected in workspace '/home/hadoop/Workspace/scala_project/src'. The most common cause for this problem is that the editor was opened in the wrong working directory, for example if you use sbt then the workspace directory should contain build.sbt. 
WARN  no build target: /home/hadoop/Workspace/scala_project/src/main/scala/PageRank.scala
WARN  no build target: /home/hadoop/Workspace/scala_project/src/main/scala/PageRank.scala
WARN  no build tool detected in workspace '/home/hadoop/Workspace/scala_project/src'. The most common cause for this problem is that the editor was opened in the wrong working directory, for example if you use sbt then the workspace directory should contain build.sbt. 
WARN  no build target: /home/hadoop/Workspace/scala_project/src/main/scala/PageRank.scala
Jul 09, 2019 5:47:00 PM org.eclipse.lsp4j.jsonrpc.RemoteEndpoint handleCancellation
WARNING: Unmatched cancel notification for request id 454
WARN  no build target: /home/hadoop/Workspace/scala_project/src/main/scala/PageRank.scala
WARN  no build target: /home/hadoop/Workspace/scala_project/src/main/scala/PageRank.scala
WARN  no build tool detected in workspace '/home/hadoop/Workspace/scala_project/src'. The most common cause for this problem is that the editor was opened in the wrong working directory, for example if you use sbt then the workspace directory should contain build.sbt. 
WARN  no build tool detected in workspace '/home/hadoop/Workspace/scala_project/src'. The most common cause for this problem is that the editor was opened in the wrong working directory, for example if you use sbt then the workspace directory should contain build.sbt. 
WARN  no build tool detected in workspace '/home/hadoop/Workspace/scala_project/src'. The most common cause for this problem is that the editor was opened in the wrong working directory, for example if you use sbt then the workspace directory should contain build.sbt. 
WARN  no build target: /home/hadoop/Workspace/scala_project/src/main/scala/PageRank.scala
INFO  time: initialize in 0.82s
WARN  no build tool detected in workspace '/home/hadoop/Workspace/scala_project/src'. The most common cause for this problem is that the editor was opened in the wrong working directory, for example if you use sbt then the workspace directory should contain build.sbt. 
WARN  no build target: /home/hadoop/Workspace/scala_project/src/main/scala/PageRank.scala
INFO  no build target: using presentation compiler with only scala-library
INFO  shutting down Metals
INFO  time: initialize in 0.7s
WARN  no build tool detected in workspace '/home/hadoop/Workspace/scala_project/src'. The most common cause for this problem is that the editor was opened in the wrong working directory, for example if you use sbt then the workspace directory should contain build.sbt. 
WARN  no build target: /home/hadoop/Workspace/scala_project/src/main/scala/PageRank.scala
INFO  no build target: using presentation compiler with only scala-library
WARN  no build target: /home/hadoop/Workspace/scala_project/src/main/scala/PageRank.scala
WARN  no build target: /home/hadoop/Workspace/scala_project/src/main/scala/PageRank.scala
WARN  no build tool detected in workspace '/home/hadoop/Workspace/scala_project/src'. The most common cause for this problem is that the editor was opened in the wrong working directory, for example if you use sbt then the workspace directory should contain build.sbt. 
WARN  no build target: /home/hadoop/Workspace/scala_project/src/main/scala/PageRank.scala
WARN  no build tool detected in workspace '/home/hadoop/Workspace/scala_project/src'. The most common cause for this problem is that the editor was opened in the wrong working directory, for example if you use sbt then the workspace directory should contain build.sbt. 
INFO  shutting down Metals
