#
# There is insufficient memory for the Java Runtime Environment to continue.
# Native memory allocation (mmap) failed to map 81264640 bytes for committing reserved memory.
# Possible reasons:
#   The system is out of physical RAM or swap space
#   The process is running with CompressedOops enabled, and the Java Heap may be blocking the growth of the native heap
# Possible solutions:
#   Reduce memory load on the system
#   Increase physical memory or swap space
#   Check if swap backing store is full
#   Decrease Java heap size (-Xmx/-Xms)
#   Decrease number of Java threads
#   Decrease Java thread stack sizes (-Xss)
#   Set larger code cache with -XX:ReservedCodeCacheSize=
#   JVM is running with Unscaled Compressed Oops mode in which the Java heap is
#     placed in the first 4GB address space. The Java Heap base address is the
#     maximum limit for the native heap growth. Please use -XX:HeapBaseMinAddress
#     to set the Java Heap base and to place the Java Heap above 4GB virtual address.
# This output file may be truncated or incomplete.
#
#  Out of Memory Error (os_linux.cpp:2749), pid=11438, tid=0x00007fb7b9442700
#
# JRE version: Java(TM) SE Runtime Environment (8.0_201-b09) (build 1.8.0_201-b09)
# Java VM: Java HotSpot(TM) 64-Bit Server VM (25.201-b09 mixed mode linux-amd64 compressed oops)
# Failed to write core dump. Core dumps have been disabled. To enable core dumping, try "ulimit -c unlimited" before starting Java again
#

---------------  T H R E A D  ---------------

Current thread (0x00007fb7d0078800):  VMThread [stack: 0x00007fb7b9342000,0x00007fb7b9443000] [id=11463]

Stack: [0x00007fb7b9342000,0x00007fb7b9443000],  sp=0x00007fb7b9441420,  free space=1021k
Native frames: (J=compiled Java code, j=interpreted, Vv=VM code, C=native code)
V  [libjvm.so+0xad3525]  VMError::report_and_die()+0x2e5
V  [libjvm.so+0x4e0457]  report_vm_out_of_memory(char const*, int, unsigned long, VMErrorType, char const*)+0x67
V  [libjvm.so+0x9102f0]  os::pd_commit_memory(char*, unsigned long, unsigned long, bool)+0x100
V  [libjvm.so+0x90791f]  os::commit_memory(char*, unsigned long, unsigned long, bool)+0x1f
V  [libjvm.so+0x98c806]  PSVirtualSpace::expand_by(unsigned long)+0x56
V  [libjvm.so+0x98da98]  PSYoungGen::resize(unsigned long, unsigned long)+0xd8
V  [libjvm.so+0x98a236]  PSScavenge::invoke_no_policy()+0x1376
V  [libjvm.so+0x982c59]  PSParallelCompact::invoke(bool)+0x49
V  [libjvm.so+0x45cb73]  CollectedHeap::collect_as_vm_thread(GCCause::Cause)+0x153
V  [libjvm.so+0xad45b1]  VM_CollectForMetadataAllocation::doit()+0x161
V  [libjvm.so+0xada296]  VM_Operation::evaluate()+0x46
V  [libjvm.so+0xad85cd]  VMThread::evaluate_operation(VM_Operation*) [clone .constprop.44]+0xcd
V  [libjvm.so+0xad8bb3]  VMThread::loop()+0x3a3
V  [libjvm.so+0xad8f88]  VMThread::run()+0x78
V  [libjvm.so+0x90d922]  java_start(Thread*)+0x102

VM_Operation (0x00007fb7d79ff330): CollectForMetadataAllocation, mode: safepoint, requested by thread 0x00007fb7d000a800


---------------  P R O C E S S  ---------------

Java Threads: ( => current thread )
  0x00007fb7d00db000 JavaThread "Service Thread" daemon [_thread_blocked, id=11470, stack(0x00007fb7b827c000,0x00007fb7b837d000)]
  0x00007fb7d00be000 JavaThread "C1 CompilerThread2" daemon [_thread_blocked, id=11469, stack(0x00007fb7b837d000,0x00007fb7b847e000)]
  0x00007fb7d00bc000 JavaThread "C2 CompilerThread1" daemon [_thread_in_native, id=11468, stack(0x00007fb7b847e000,0x00007fb7b857f000)]
  0x00007fb7d00b9800 JavaThread "C2 CompilerThread0" daemon [_thread_blocked, id=11467, stack(0x00007fb7b857f000,0x00007fb7b8680000)]
  0x00007fb7d00b8000 JavaThread "Signal Dispatcher" daemon [_thread_blocked, id=11466, stack(0x00007fb7b8680000,0x00007fb7b8781000)]
  0x00007fb7d0085000 JavaThread "Finalizer" daemon [_thread_blocked, id=11465, stack(0x00007fb7b9140000,0x00007fb7b9241000)]
  0x00007fb7d0082800 JavaThread "Reference Handler" daemon [_thread_blocked, id=11464, stack(0x00007fb7b9241000,0x00007fb7b9342000)]
  0x00007fb7d000a800 JavaThread "main" [_thread_blocked, id=11458, stack(0x00007fb7d7904000,0x00007fb7d7a05000)]

Other Threads:
=>0x00007fb7d0078800 VMThread [stack: 0x00007fb7b9342000,0x00007fb7b9443000] [id=11463]
  0x00007fb7d00de000 WatcherThread [stack: 0x00007fb7b817b000,0x00007fb7b827c000] [id=11471]

VM state:at safepoint (normal execution)

VM Mutex/Monitor currently owned by a thread:  ([mutex/lock_event])
[0x00007fb7d0006fb0] Threads_lock - owner thread: 0x00007fb7d0078800
[0x00007fb7d00074b0] Heap_lock - owner thread: 0x00007fb7d000a800

heap address: 0x00000000c2a00000, size: 982 MB, Compressed Oops mode: 32-bit
Narrow klass base: 0x0000000000000000, Narrow klass shift: 3
Compressed class space size: 1073741824 Address: 0x0000000100000000

Heap:
 PSYoungGen      total 134656K, used 10237K [0x00000000eb900000, 0x00000000f4800000, 0x0000000100000000)
  eden space 124416K, 0% used [0x00000000eb900000,0x00000000eb900000,0x00000000f3280000)
  from space 10240K, 99% used [0x00000000f3280000,0x00000000f3c7f600,0x00000000f3c80000)
  to   space 8704K, 0% used [0x00000000f3c80000,0x00000000f3c80000,0x00000000f4500000)
 ParOldGen       total 42496K, used 13752K [0x00000000c2a00000, 0x00000000c5380000, 0x00000000eb900000)
  object space 42496K, 32% used [0x00000000c2a00000,0x00000000c376e328,0x00000000c5380000)
 Metaspace       used 20681K, capacity 21224K, committed 21296K, reserved 1069056K
  class space    used 2416K, capacity 2566K, committed 2608K, reserved 1048576K

Card table byte_map: [0x00007fb7d44b9000,0x00007fb7d46a5000] byte_map_base: 0x00007fb7d3ea4000

Marking Bits: (ParMarkBitMap*) 0x00007fb7d6ddbd80
 Begin Bits: [0x00007fb7ba150000, 0x00007fb7bb0a8000)
 End Bits:   [0x00007fb7bb0a8000, 0x00007fb7bc000000)

Polling page: 0x00007fb7d7a20000

CodeCache: size=245760Kb used=9882Kb max_used=9882Kb free=235877Kb
 bounds [0x00007fb7c1000000, 0x00007fb7c19b0000, 0x00007fb7d0000000]
 total_blobs=3766 nmethods=3405 adapters=274
 compilation: enabled

Compilation events (10 events):
Event: 8.971 Thread 0x00007fb7d00be000 3674       3       com.sun.tools.javac.util.SharedNameTable::fromChars (187 bytes)
Event: 8.972 Thread 0x00007fb7d00be000 nmethod 3674 0x00007fb7c19ab750 code [0x00007fb7c19ab960, 0x00007fb7c19ac438]
Event: 8.973 Thread 0x00007fb7d00be000 3675       3       com.sun.tools.javac.util.Assert::check (8 bytes)
Event: 8.973 Thread 0x00007fb7d00be000 nmethod 3675 0x00007fb7c19acad0 code [0x00007fb7c19acc40, 0x00007fb7c19acec8]
Event: 8.973 Thread 0x00007fb7d00be000 3676       3       com.sun.tools.javac.util.List::<init> (15 bytes)
Event: 8.973 Thread 0x00007fb7d00be000 nmethod 3676 0x00007fb7c19ad010 code [0x00007fb7c19ad180, 0x00007fb7c19ad3b0]
Event: 9.020 Thread 0x00007fb7d00be000 3678       3       java.util.HashMap::get (23 bytes)
Event: 9.020 Thread 0x00007fb7d00be000 nmethod 3678 0x00007fb7c19ad490 code [0x00007fb7c19ad620, 0x00007fb7c19ada18]
Event: 9.057 Thread 0x00007fb7d00be000 3679       3       java.util.jar.JarFile::getManifestFromReference (117 bytes)
Event: 9.059 Thread 0x00007fb7d00be000 nmethod 3679 0x00007fb7c19adb90 code [0x00007fb7c19adde0, 0x00007fb7c19aea78]

GC Heap History (10 events):
Event: 2.336 GC heap after
Heap after GC invocations=4 (full 0):
 PSYoungGen      total 34304K, used 2540K [0x00000000eb900000, 0x00000000edd00000, 0x0000000100000000)
  eden space 31744K, 0% used [0x00000000eb900000,0x00000000eb900000,0x00000000ed800000)
  from space 2560K, 99% used [0x00000000eda80000,0x00000000edcfb238,0x00000000edd00000)
  to   space 2560K, 0% used [0x00000000ed800000,0x00000000ed800000,0x00000000eda80000)
 ParOldGen       total 42496K, used 5274K [0x00000000c2a00000, 0x00000000c5380000, 0x00000000eb900000)
  object space 42496K, 12% used [0x00000000c2a00000,0x00000000c2f26b20,0x00000000c5380000)
 Metaspace       used 11875K, capacity 12072K, committed 12416K, reserved 1060864K
  class space    used 1495K, capacity 1572K, committed 1664K, reserved 1048576K
}
Event: 3.494 GC heap before
{Heap before GC invocations=5 (full 0):
 PSYoungGen      total 34304K, used 34284K [0x00000000eb900000, 0x00000000edd00000, 0x0000000100000000)
  eden space 31744K, 100% used [0x00000000eb900000,0x00000000ed800000,0x00000000ed800000)
  from space 2560K, 99% used [0x00000000eda80000,0x00000000edcfb238,0x00000000edd00000)
  to   space 2560K, 0% used [0x00000000ed800000,0x00000000ed800000,0x00000000eda80000)
 ParOldGen       total 42496K, used 5274K [0x00000000c2a00000, 0x00000000c5380000, 0x00000000eb900000)
  object space 42496K, 12% used [0x00000000c2a00000,0x00000000c2f26b20,0x00000000c5380000)
 Metaspace       used 14287K, capacity 14478K, committed 14720K, reserved 1062912K
  class space    used 1771K, capacity 1872K, committed 1920K, reserved 1048576K
Event: 3.513 GC heap after
Heap after GC invocations=5 (full 0):
 PSYoungGen      total 34304K, used 2528K [0x00000000eb900000, 0x00000000f0300000, 0x0000000100000000)
  eden space 31744K, 0% used [0x00000000eb900000,0x00000000eb900000,0x00000000ed800000)
  from space 2560K, 98% used [0x00000000ed800000,0x00000000eda78020,0x00000000eda80000)
  to   space 6144K, 0% used [0x00000000efd00000,0x00000000efd00000,0x00000000f0300000)
 ParOldGen       total 42496K, used 7144K [0x00000000c2a00000, 0x00000000c5380000, 0x00000000eb900000)
  object space 42496K, 16% used [0x00000000c2a00000,0x00000000c30fa300,0x00000000c5380000)
 Metaspace       used 14287K, capacity 14478K, committed 14720K, reserved 1062912K
  class space    used 1771K, capacity 1872K, committed 1920K, reserved 1048576K
}
Event: 4.609 GC heap before
{Heap before GC invocations=6 (full 0):
 PSYoungGen      total 34304K, used 34272K [0x00000000eb900000, 0x00000000f0300000, 0x0000000100000000)
  eden space 31744K, 100% used [0x00000000eb900000,0x00000000ed800000,0x00000000ed800000)
  from space 2560K, 98% used [0x00000000ed800000,0x00000000eda78020,0x00000000eda80000)
  to   space 6144K, 0% used [0x00000000efd00000,0x00000000efd00000,0x00000000f0300000)
 ParOldGen       total 42496K, used 7144K [0x00000000c2a00000, 0x00000000c5380000, 0x00000000eb900000)
  object space 42496K, 16% used [0x00000000c2a00000,0x00000000c30fa300,0x00000000c5380000)
 Metaspace       used 16348K, capacity 16644K, committed 17024K, reserved 1064960K
  class space    used 1971K, capacity 2077K, committed 2176K, reserved 1048576K
Event: 4.630 GC heap after
Heap after GC invocations=6 (full 0):
 PSYoungGen      total 69120K, used 6117K [0x00000000eb900000, 0x00000000f0400000, 0x0000000100000000)
  eden space 62976K, 0% used [0x00000000eb900000,0x00000000eb900000,0x00000000ef680000)
  from space 6144K, 99% used [0x00000000efd00000,0x00000000f02f95c0,0x00000000f0300000)
  to   space 6656K, 0% used [0x00000000ef680000,0x00000000ef680000,0x00000000efd00000)
 ParOldGen       total 42496K, used 7206K [0x00000000c2a00000, 0x00000000c5380000, 0x00000000eb900000)
  object space 42496K, 16% used [0x00000000c2a00000,0x00000000c3109af0,0x00000000c5380000)
 Metaspace       used 16348K, capacity 16644K, committed 17024K, reserved 1064960K
  class space    used 1971K, capacity 2077K, committed 2176K, reserved 1048576K
}
Event: 6.095 GC heap before
{Heap before GC invocations=7 (full 0):
 PSYoungGen      total 69120K, used 69093K [0x00000000eb900000, 0x00000000f0400000, 0x0000000100000000)
  eden space 62976K, 100% used [0x00000000eb900000,0x00000000ef680000,0x00000000ef680000)
  from space 6144K, 99% used [0x00000000efd00000,0x00000000f02f95c0,0x00000000f0300000)
  to   space 6656K, 0% used [0x00000000ef680000,0x00000000ef680000,0x00000000efd00000)
 ParOldGen       total 42496K, used 7206K [0x00000000c2a00000, 0x00000000c5380000, 0x00000000eb900000)
  object space 42496K, 16% used [0x00000000c2a00000,0x00000000c3109af0,0x00000000c5380000)
 Metaspace       used 16860K, capacity 17204K, committed 17536K, reserved 1064960K
  class space    used 1988K, capacity 2085K, committed 2176K, reserved 1048576K
Event: 6.140 GC heap after
Heap after GC invocations=7 (full 0):
 PSYoungGen      total 69632K, used 6640K [0x00000000eb900000, 0x00000000f4500000, 0x0000000100000000)
  eden space 62976K, 0% used [0x00000000eb900000,0x00000000eb900000,0x00000000ef680000)
  from space 6656K, 99% used [0x00000000ef680000,0x00000000efcfc010,0x00000000efd00000)
  to   space 8704K, 0% used [0x00000000f3c80000,0x00000000f3c80000,0x00000000f4500000)
 ParOldGen       total 42496K, used 8742K [0x00000000c2a00000, 0x00000000c5380000, 0x00000000eb900000)
  object space 42496K, 20% used [0x00000000c2a00000,0x00000000c32898d0,0x00000000c5380000)
 Metaspace       used 16860K, capacity 17204K, committed 17536K, reserved 1064960K
  class space    used 1988K, capacity 2085K, committed 2176K, reserved 1048576K
}
Event: 7.198 GC heap before
{Heap before GC invocations=8 (full 0):
 PSYoungGen      total 69632K, used 69616K [0x00000000eb900000, 0x00000000f4500000, 0x0000000100000000)
  eden space 62976K, 100% used [0x00000000eb900000,0x00000000ef680000,0x00000000ef680000)
  from space 6656K, 99% used [0x00000000ef680000,0x00000000efcfc010,0x00000000efd00000)
  to   space 8704K, 0% used [0x00000000f3c80000,0x00000000f3c80000,0x00000000f4500000)
 ParOldGen       total 42496K, used 8742K [0x00000000c2a00000, 0x00000000c5380000, 0x00000000eb900000)
  object space 42496K, 20% used [0x00000000c2a00000,0x00000000c32898d0,0x00000000c5380000)
 Metaspace       used 17151K, capacity 17472K, committed 17792K, reserved 1064960K
  class space    used 1989K, capacity 2087K, committed 2176K, reserved 1048576K
Event: 7.228 GC heap after
Heap after GC invocations=8 (full 0):
 PSYoungGen      total 133120K, used 8704K [0x00000000eb900000, 0x00000000f4800000, 0x0000000100000000)
  eden space 124416K, 0% used [0x00000000eb900000,0x00000000eb900000,0x00000000f3280000)
  from space 8704K, 100% used [0x00000000f3c80000,0x00000000f4500000,0x00000000f4500000)
  to   space 10240K, 0% used [0x00000000f3280000,0x00000000f3280000,0x00000000f3c80000)
 ParOldGen       total 42496K, used 10196K [0x00000000c2a00000, 0x00000000c5380000, 0x00000000eb900000)
  object space 42496K, 23% used [0x00000000c2a00000,0x00000000c33f5120,0x00000000c5380000)
 Metaspace       used 17151K, capacity 17472K, committed 17792K, reserved 1064960K
  class space    used 1989K, capacity 2087K, committed 2176K, reserved 1048576K
}
Event: 9.089 GC heap before
{Heap before GC invocations=9 (full 0):
 PSYoungGen      total 133120K, used 91921K [0x00000000eb900000, 0x00000000f4800000, 0x0000000100000000)
  eden space 124416K, 66% used [0x00000000eb900000,0x00000000f0a44590,0x00000000f3280000)
  from space 8704K, 100% used [0x00000000f3c80000,0x00000000f4500000,0x00000000f4500000)
  to   space 10240K, 0% used [0x00000000f3280000,0x00000000f3280000,0x00000000f3c80000)
 ParOldGen       total 42496K, used 10196K [0x00000000c2a00000, 0x00000000c5380000, 0x00000000eb900000)
  object space 42496K, 23% used [0x00000000c2a00000,0x00000000c33f5120,0x00000000c5380000)
 Metaspace       used 20681K, capacity 21224K, committed 21296K, reserved 1069056K
  class space    used 2416K, capacity 2566K, committed 2608K, reserved 1048576K

Deoptimization events (10 events):
Event: 6.907 Thread 0x00007fb7d000a800 Uncommon trap: reason=speculate_class_check action=maybe_recompile pc=0x00007fb7c1857cdc method=java.nio.charset.CharsetDecoder.decode(Ljava/nio/ByteBuffer;Ljava/nio/CharBuffer;Z)Ljava/nio/charset/CoderResult; @ 57
Event: 6.908 Thread 0x00007fb7d000a800 Uncommon trap: reason=speculate_class_check action=maybe_recompile pc=0x00007fb7c1857cdc method=java.nio.charset.CharsetDecoder.decode(Ljava/nio/ByteBuffer;Ljava/nio/CharBuffer;Z)Ljava/nio/charset/CoderResult; @ 57
Event: 7.278 Thread 0x00007fb7d000a800 Uncommon trap: reason=unstable_if action=reinterpret pc=0x00007fb7c1317ef0 method=java.util.HashMap.putVal(ILjava/lang/Object;Ljava/lang/Object;ZZ)Ljava/lang/Object; @ 162
Event: 7.360 Thread 0x00007fb7d000a800 Uncommon trap: reason=unstable_if action=reinterpret pc=0x00007fb7c1924c90 method=java.util.HashMap.getNode(ILjava/lang/Object;)Ljava/util/HashMap$Node; @ 84
Event: 7.362 Thread 0x00007fb7d000a800 Uncommon trap: reason=unstable_if action=reinterpret pc=0x00007fb7c135d930 method=java.util.HashMap.getNode(ILjava/lang/Object;)Ljava/util/HashMap$Node; @ 84
Event: 7.664 Thread 0x00007fb7d000a800 Uncommon trap: reason=null_check action=make_not_entrant pc=0x00007fb7c141d6d8 method=org.apache.maven.model.io.xpp3.MavenXpp3Reader.checkFieldWithDuplicate(Lorg/codehaus/plexus/util/xml/pull/XmlPullParser;Ljava/lang/String;Ljava/lang/String;Ljava/util/Se
Event: 7.993 Thread 0x00007fb7d000a800 Uncommon trap: reason=bimorphic action=maybe_recompile pc=0x00007fb7c193ad38 method=java.util.regex.Pattern$CharProperty.match(Ljava/util/regex/Matcher;ILjava/lang/CharSequence;)Z @ 37
Event: 8.556 Thread 0x00007fb7d000a800 Uncommon trap: reason=bimorphic action=maybe_recompile pc=0x00007fb7c193ad38 method=java.util.regex.Pattern$CharProperty.match(Ljava/util/regex/Matcher;ILjava/lang/CharSequence;)Z @ 37
Event: 8.596 Thread 0x00007fb7d000a800 Uncommon trap: reason=unstable_if action=reinterpret pc=0x00007fb7c1148ce0 method=sun.nio.cs.UTF_8$Encoder.encode([CII[B)I @ 33
Event: 8.688 Thread 0x00007fb7d000a800 Uncommon trap: reason=predicate action=maybe_recompile pc=0x00007fb7c186c358 method=sun.misc.Resource.getBytes()[B @ 53

Classes redefined (0 events):
No events

Internal exceptions (10 events):
Event: 3.629 Thread 0x00007fb7d000a800 Exception <a 'java/lang/NullPointerException'> (0x00000000ebbd97b0) thrown at [/HUDSON/workspace/8-2-build-linux-amd64/jdk8u201/12317/hotspot/src/share/vm/interpreter/linkResolver.cpp, line 1185]
Event: 3.629 Thread 0x00007fb7d000a800 Exception <a 'java/lang/NullPointerException'> (0x00000000ebbd99c8) thrown at [/HUDSON/workspace/8-2-build-linux-amd64/jdk8u201/12317/hotspot/src/share/vm/interpreter/linkResolver.cpp, line 1185]
Event: 3.629 Thread 0x00007fb7d000a800 Exception <a 'java/lang/NullPointerException'> (0x00000000ebbd9be0) thrown at [/HUDSON/workspace/8-2-build-linux-amd64/jdk8u201/12317/hotspot/src/share/vm/interpreter/linkResolver.cpp, line 1185]
Event: 3.630 Thread 0x00007fb7d000a800 Exception <a 'java/lang/NullPointerException'> (0x00000000ebbe14c8) thrown at [/HUDSON/workspace/8-2-build-linux-amd64/jdk8u201/12317/hotspot/src/share/vm/interpreter/linkResolver.cpp, line 1185]
Event: 3.630 Thread 0x00007fb7d000a800 Exception <a 'java/lang/NullPointerException'> (0x00000000ebbe16e0) thrown at [/HUDSON/workspace/8-2-build-linux-amd64/jdk8u201/12317/hotspot/src/share/vm/interpreter/linkResolver.cpp, line 1185]
Event: 3.630 Thread 0x00007fb7d000a800 Exception <a 'java/lang/NullPointerException'> (0x00000000ebbe18f8) thrown at [/HUDSON/workspace/8-2-build-linux-amd64/jdk8u201/12317/hotspot/src/share/vm/interpreter/linkResolver.cpp, line 1185]
Event: 4.078 Thread 0x00007fb7d000a800 Implicit null exception at 0x00007fb7c138ea35 to 0x00007fb7c138ec3d
Event: 4.078 Thread 0x00007fb7d000a800 Implicit null exception at 0x00007fb7c12f4baf to 0x00007fb7c12f4c19
Event: 7.664 Thread 0x00007fb7d000a800 Implicit null exception at 0x00007fb7c141cd7b to 0x00007fb7c141d6c9
Event: 8.660 Thread 0x00007fb7d000a800 Exception <a 'java/lang/ClassNotFoundException': com/sun/tools/javac/api/JavacTool> (0x00000000f0355408) thrown at [/HUDSON/workspace/8-2-build-linux-amd64/jdk8u201/12317/hotspot/src/share/vm/classfile/systemDictionary.cpp, line 210]

Events (10 events):
Event: 9.076 loading class com/sun/tools/javac/api/Formattable$LocalizedString done
Event: 9.077 loading class com/sun/tools/javac/api/Formattable
Event: 9.077 loading class com/sun/tools/javac/api/Formattable done
Event: 9.077 loading class com/sun/tools/javac/comp/Resolve$MethodResolutionPhase
Event: 9.077 loading class com/sun/tools/javac/comp/Resolve$MethodResolutionPhase done
Event: 9.077 loading class com/sun/tools/javac/comp/Resolve$MethodResolutionPhase$1
Event: 9.077 loading class com/sun/tools/javac/comp/Resolve$MethodResolutionPhase$1 done
Event: 9.078 loading class com/sun/tools/javac/comp/Attr
Event: 9.078 loading class com/sun/tools/javac/comp/Attr done
Event: 9.086 Executing VM operation: CollectForMetadataAllocation


Dynamic libraries:
00400000-00401000 r-xp 00000000 08:01 656003                             /usr/java/jdk1.8.0_201/bin/java
00600000-00601000 r--p 00000000 08:01 656003                             /usr/java/jdk1.8.0_201/bin/java
00601000-00602000 rw-p 00001000 08:01 656003                             /usr/java/jdk1.8.0_201/bin/java
01704000-01725000 rw-p 00000000 00:00 0                                  [heap]
c2a00000-c5380000 rw-p 00000000 00:00 0 
c5380000-eb900000 ---p 00000000 00:00 0 
eb900000-f4800000 rw-p 00000000 00:00 0 
f9580000-100000000 ---p 00000000 00:00 0 
100000000-10028c000 rw-p 00000000 00:00 0 
10028c000-140000000 ---p 00000000 00:00 0 
7fb783e00000-7fb783e40000 rw-p 00000000 00:00 0 
7fb783e40000-7fb784000000 ---p 00000000 00:00 0 
7fb784000000-7fb784021000 rw-p 00000000 00:00 0 
7fb784021000-7fb788000000 ---p 00000000 00:00 0 
7fb788000000-7fb788021000 rw-p 00000000 00:00 0 
7fb788021000-7fb78c000000 ---p 00000000 00:00 0 
7fb78c000000-7fb78d7fa000 rw-p 00000000 00:00 0 
7fb78d7fa000-7fb790000000 ---p 00000000 00:00 0 
7fb790000000-7fb791887000 rw-p 00000000 00:00 0 
7fb791887000-7fb794000000 ---p 00000000 00:00 0 
7fb794000000-7fb794021000 rw-p 00000000 00:00 0 
7fb794021000-7fb798000000 ---p 00000000 00:00 0 
7fb798000000-7fb7994b3000 rw-p 00000000 00:00 0 
7fb7994b3000-7fb79c000000 ---p 00000000 00:00 0 
7fb79c000000-7fb79c021000 rw-p 00000000 00:00 0 
7fb79c021000-7fb7a0000000 ---p 00000000 00:00 0 
7fb7a0000000-7fb7a0021000 rw-p 00000000 00:00 0 
7fb7a0021000-7fb7a4000000 ---p 00000000 00:00 0 
7fb7a4000000-7fb7a4021000 rw-p 00000000 00:00 0 
7fb7a4021000-7fb7a8000000 ---p 00000000 00:00 0 
7fb7a8000000-7fb7a82b7000 rw-p 00000000 00:00 0 
7fb7a82b7000-7fb7ac000000 ---p 00000000 00:00 0 
7fb7ac000000-7fb7ac021000 rw-p 00000000 00:00 0 
7fb7ac021000-7fb7b0000000 ---p 00000000 00:00 0 
7fb7b01d5000-7fb7b03d5000 rw-p 00000000 00:00 0 
7fb7b03d5000-7fb7b05d5000 rw-p 00000000 00:00 0 
7fb7b05d5000-7fb7b05e6000 r-xp 00000000 08:01 918032                     /usr/java/jdk1.8.0_201/jre/lib/amd64/libnio.so
7fb7b05e6000-7fb7b07e5000 ---p 00011000 08:01 918032                     /usr/java/jdk1.8.0_201/jre/lib/amd64/libnio.so
7fb7b07e5000-7fb7b07e6000 r--p 00010000 08:01 918032                     /usr/java/jdk1.8.0_201/jre/lib/amd64/libnio.so
7fb7b07e6000-7fb7b07e7000 rw-p 00011000 08:01 918032                     /usr/java/jdk1.8.0_201/jre/lib/amd64/libnio.so
7fb7b07e7000-7fb7b37e8000 rw-p 00000000 00:00 0 
7fb7b37e8000-7fb7b37fe000 r-xp 00000000 08:01 918029                     /usr/java/jdk1.8.0_201/jre/lib/amd64/libnet.so
7fb7b37fe000-7fb7b39fe000 ---p 00016000 08:01 918029                     /usr/java/jdk1.8.0_201/jre/lib/amd64/libnet.so
7fb7b39fe000-7fb7b39ff000 r--p 00016000 08:01 918029                     /usr/java/jdk1.8.0_201/jre/lib/amd64/libnet.so
7fb7b39ff000-7fb7b3a00000 rw-p 00017000 08:01 918029                     /usr/java/jdk1.8.0_201/jre/lib/amd64/libnet.so
7fb7b3a00000-7fb7b3c00000 rw-p 00000000 00:00 0 
7fb7b3c00000-7fb7b3e00000 rw-p 00000000 00:00 0 
7fb7b3e00000-7fb7b4000000 rw-p 00000000 00:00 0 
7fb7b4000000-7fb7b4030000 rw-p 00000000 00:00 0 
7fb7b4030000-7fb7b8000000 ---p 00000000 00:00 0 
7fb7b802e000-7fb7b8035000 r--s 00000000 08:01 1049846                    /usr/lib/x86_64-linux-gnu/gconv/gconv-modules.cache
7fb7b8035000-7fb7b8056000 r--p 00000000 08:01 1055537                    /usr/share/locale-langpack/zh_CN/LC_MESSAGES/libc.mo
7fb7b8056000-7fb7b80cf000 r--s 010fd000 08:01 676144                     /usr/java/jdk1.8.0_201/lib/tools.jar
7fb7b80cf000-7fb7b80d2000 r--s 0001b000 08:01 802528                     /home/hadoop/.m2/repository/junit/junit/3.8.2/junit-3.8.2.jar
7fb7b80d2000-7fb7b80e0000 r--s 0008f000 08:01 659095                     /home/hadoop/.m2/repository/com/google/collections/google-collections/1.0/google-collections-1.0.jar
7fb7b80e0000-7fb7b80e1000 r--s 0000a000 08:01 449487                     /home/hadoop/.m2/repository/commons-logging/commons-logging-api/1.1/commons-logging-api-1.1.jar
7fb7b80e1000-7fb7b80e8000 r--s 00051000 08:01 539221                     /home/hadoop/.m2/repository/log4j/log4j/1.2.12/log4j-1.2.12.jar
7fb7b80e8000-7fb7b80ec000 r--s 0001d000 08:01 539219                     /home/hadoop/.m2/repository/org/apache/xbean/xbean-reflect/3.4/xbean-reflect-3.4.jar
7fb7b80ec000-7fb7b80ed000 r--s 00004000 08:01 1064064                    /home/hadoop/.m2/repository/org/codehaus/plexus/plexus-compiler-javac/2.4/plexus-compiler-javac-2.4.jar
7fb7b80ed000-7fb7b80ef000 r--s 00000000 08:01 1064063                    /home/hadoop/.m2/repository/org/codehaus/plexus/plexus-compiler-manager/2.4/plexus-compiler-manager-2.4.jar
7fb7b80ef000-7fb7b80f1000 r--s 00005000 08:01 1064061                    /home/hadoop/.m2/repository/org/codehaus/plexus/plexus-compiler-api/2.4/plexus-compiler-api-2.4.jar
7fb7b80f1000-7fb7b80f3000 r--s 00000000 08:01 1064058                    /home/hadoop/.m2/repository/org/codehaus/plexus/plexus-component-annotations/1.5.5/plexus-component-annotations-1.5.5.jar
7fb7b80f3000-7fb7b80f5000 r--s 00002000 08:01 934554                     /home/hadoop/.m2/repository/org/apache/maven/shared/maven-shared-incremental/1.1/maven-shared-incremental-1.1.jar
7fb7b80f5000-7fb7b80f7000 r--s 00006000 08:01 934553                     /home/hadoop/.m2/repository/com/google/code/findbugs/jsr305/2.0.1/jsr305-2.0.1.jar
7fb7b80f7000-7fb7b80fa000 r--s 00023000 08:01 934551                     /home/hadoop/.m2/repository/org/apache/maven/shared/maven-shared-utils/0.1/maven-shared-utils-0.1.jar
7fb7b80fa000-7fb7b80fe000 r--s 00030000 08:01 934526                     /home/hadoop/.m2/repository/org/codehaus/plexus/plexus-utils/1.5.1/plexus-utils-1.5.1.jar
7fb7b80fe000-7fb7b8100000 r--s 0000a000 08:01 449088                     /home/hadoop/.m2/repository/org/apache/maven/plugins/maven-compiler-plugin/3.2/maven-compiler-plugin-3.2.jar
7fb7b8100000-7fb7b8102000 r--s 0000d000 08:01 934328                     /home/hadoop/.m2/repository/org/codehaus/plexus/plexus-interpolation/1.13/plexus-interpolation-1.13.jar
7fb7b8102000-7fb7b8103000 r--s 00001000 08:01 449479                     /home/hadoop/.m2/repository/org/sonatype/plexus/plexus-build-api/0.0.4/plexus-build-api-0.0.4.jar
7fb7b8103000-7fb7b8105000 r--s 00009000 08:01 934326                     /home/hadoop/.m2/repository/org/apache/maven/shared/maven-filtering/1.1/maven-filtering-1.1.jar
7fb7b8105000-7fb7b8109000 r--s 00033000 08:01 934324                     /home/hadoop/.m2/repository/org/codehaus/plexus/plexus-utils/2.0.5/plexus-utils-2.0.5.jar
7fb7b8109000-7fb7b810c000 r--s 0001b000 08:01 802464                     /home/hadoop/.m2/repository/junit/junit/3.8.1/junit-3.8.1.jar
7fb7b810c000-7fb7b810e000 r--s 00002000 08:01 934318                     /home/hadoop/.m2/repository/org/codehaus/plexus/plexus-interactivity-api/1.0-alpha-4/plexus-interactivity-api-1.0-alpha-4.jar
7fb7b810e000-7fb7b8110000 r--s 00006000 08:01 449475                     /home/hadoop/.m2/repository/commons-cli/commons-cli/1.0/commons-cli-1.0.jar
7fb7b8110000-7fb7b8111000 r--s 00001000 08:01 934312                     /home/hadoop/.m2/repository/org/apache/maven/doxia/doxia-sink-api/1.0-alpha-7/doxia-sink-api-1.0-alpha-7.jar
7fb7b8111000-7fb7b8113000 r--s 00006000 08:01 449069                     /home/hadoop/.m2/repository/org/apache/maven/plugins/maven-resources-plugin/2.6/maven-resources-plugin-2.6.jar
7fb7b8113000-7fb7b811d000 r--s 00116000 08:01 916781                     /usr/java/jdk1.8.0_201/jre/lib/ext/localedata.jar
7fb7b811d000-7fb7b8121000 r--s 000a1000 08:01 916770                     /usr/java/jdk1.8.0_201/jre/lib/jsse.jar
7fb7b8121000-7fb7b8128000 r--s 0002c000 08:01 933979                     /usr/share/java/sisu-plexus.jar
7fb7b8128000-7fb7b812f000 r--s 0005d000 08:01 933710                     /usr/share/java/commons-lang3.jar
7fb7b812f000-7fb7b813d000 r--s 00095000 08:01 933873                     /usr/share/java/guice.jar
7fb7b813d000-7fb7b814a000 r--s 0008d000 08:01 934001                     /usr/share/java/maven3-core-3.3.9.jar
7fb7b814a000-7fb7b817b000 r--s 00207000 08:01 933985                     /usr/share/java/wagon-http-shaded-2.x.jar
7fb7b817b000-7fb7b817c000 ---p 00000000 00:00 0 
7fb7b817c000-7fb7b827c000 rw-p 00000000 00:00 0 
7fb7b827c000-7fb7b827f000 ---p 00000000 00:00 0 
7fb7b827f000-7fb7b837d000 rw-p 00000000 00:00 0 
7fb7b837d000-7fb7b8380000 ---p 00000000 00:00 0 
7fb7b8380000-7fb7b847e000 rw-p 00000000 00:00 0 
7fb7b847e000-7fb7b8481000 ---p 00000000 00:00 0 
7fb7b8481000-7fb7b857f000 rw-p 00000000 00:00 0 
7fb7b857f000-7fb7b8582000 ---p 00000000 00:00 0 
7fb7b8582000-7fb7b8680000 rw-p 00000000 00:00 0 
7fb7b8680000-7fb7b8683000 ---p 00000000 00:00 0 
7fb7b8683000-7fb7b8781000 rw-p 00000000 00:00 0 
7fb7b8781000-7fb7b9140000 r--p 00000000 08:01 661849                     /usr/lib/locale/locale-archive
7fb7b9140000-7fb7b9143000 ---p 00000000 00:00 0 
7fb7b9143000-7fb7b9241000 rw-p 00000000 00:00 0 
7fb7b9241000-7fb7b9244000 ---p 00000000 00:00 0 
7fb7b9244000-7fb7b9342000 rw-p 00000000 00:00 0 
7fb7b9342000-7fb7b9343000 ---p 00000000 00:00 0 
7fb7b9343000-7fb7bc000000 rw-p 00000000 00:00 0 
7fb7bc000000-7fb7bc021000 rw-p 00000000 00:00 0 
7fb7bc021000-7fb7c0000000 ---p 00000000 00:00 0 
7fb7c0000000-7fb7c0001000 r--s 00002000 08:01 802504                     /home/hadoop/.m2/repository/org/apache/maven/reporting/maven-reporting-api/2.0.6/maven-reporting-api-2.0.6.jar
7fb7c0001000-7fb7c0003000 r--s 00013000 08:01 934004                     /usr/share/java/maven3-embedder-3.3.9.jar
7fb7c0003000-7fb7c0004000 r--s 00001000 08:01 933981                     /usr/share/java/wagon-file-2.x.jar
7fb7c0004000-7fb7c0005000 r--s 00008000 08:01 933852                     /usr/share/java/eclipse-aether-connector-basic.jar
7fb7c0005000-7fb7c0007000 r--s 0000a000 08:01 933694                     /usr/share/java/commons-cli-1.3.1.jar
7fb7c0007000-7fb7c0008000 r--s 00006000 08:01 933921                     /usr/share/java/plexus-sec-dispatcher.jar
7fb7c0008000-7fb7c000c000 r--s 00027000 08:01 933706                     /usr/share/java/commons-io-2.4.jar
7fb7c000c000-7fb7c0011000 r--s 0001d000 08:01 933856                     /usr/share/java/eclipse-aether-api.jar
7fb7c0011000-7fb7c0013000 r--s 00005000 08:01 933855                     /usr/share/java/eclipse-aether-transport-wagon.jar
7fb7c0013000-7fb7c0015000 r--s 00001000 08:01 933868                     /usr/share/java/aopalliance-1.0.jar
7fb7c0015000-7fb7c0019000 r--s 00038000 08:01 933965                     /usr/share/java/plexus-utils2.jar
7fb7c0019000-7fb7c001d000 r--s 00027000 08:01 933849                     /usr/share/java/eclipse-aether-impl.jar
7fb7c001d000-7fb7c0020000 r--s 00007000 08:01 934007                     /usr/share/java/maven3-settings-builder-3.3.9.jar
7fb7c0020000-7fb7c0027000 r--s 00041000 08:01 934000                     /usr/share/java/maven3-compat-3.3.9.jar
7fb7c0027000-7fb7c0029000 r--s 00002000 08:01 933919                     /usr/share/java/plexus-cipher.jar
7fb7c0029000-7fb7c002a000 r--s 00002000 08:01 933773                     /usr/share/java/slf4j-simple.jar
7fb7c002a000-7fb7c002f000 r--s 00025000 08:01 934003                     /usr/share/java/maven3-model-builder-3.3.9.jar
7fb7c002f000-7fb7c0030000 r--s 0000a000 08:01 933998                     /usr/share/java/maven3-settings-3.3.9.jar
7fb7c0030000-7fb7c0032000 r--s 00000000 08:01 933969                     /usr/share/java/plexus-component-annotations-1.5.jar
7fb7c0032000-7fb7c0033000 r--s 00000000 08:01 933675                     /usr/share/java/geronimo-interceptor-3.0-spec-1.0.1.jar
7fb7c0033000-7fb7c005f000 r--s 00208000 08:01 933796                     /usr/share/java/guava.jar
7fb7c005f000-7fb7c02c4000 rw-p 00000000 00:00 0 
7fb7c02c4000-7fb7c049e000 r--s 03d6f000 08:01 916713                     /usr/java/jdk1.8.0_201/jre/lib/rt.jar
7fb7c049e000-7fb7c0eff000 rw-p 00000000 00:00 0 
7fb7c0eff000-7fb7c0f00000 ---p 00000000 00:00 0 
7fb7c0f00000-7fb7c1000000 rw-p 00000000 00:00 0 
7fb7c1000000-7fb7c19b0000 rwxp 00000000 00:00 0 
7fb7c19b0000-7fb7d0000000 ---p 00000000 00:00 0 
7fb7d0000000-7fb7d0cf4000 rw-p 00000000 00:00 0 
7fb7d0cf4000-7fb7d4000000 ---p 00000000 00:00 0 
7fb7d4000000-7fb7d4002000 r--s 00012000 08:01 933684                     /usr/share/java/el-api-3.0.jar
7fb7d4002000-7fb7d4003000 r--s 00000000 08:01 933667                     /usr/share/java/atinject-jsr330-api-1.0.jar
7fb7d4003000-7fb7d4006000 r--s 00008000 08:01 933686                     /usr/share/java/cdi-api-1.0.jar
7fb7d4006000-7fb7d4008000 r--s 00027000 08:01 934005                     /usr/share/java/maven3-model-3.3.9.jar
7fb7d4008000-7fb7d4010000 r--s 00054000 08:01 933977                     /usr/share/java/sisu-inject.jar
7fb7d4010000-7fb7d4013000 r--s 0000a000 08:01 934009                     /usr/share/java/maven3-artifact-3.3.9.jar
7fb7d4013000-7fb7d4015000 r--s 00007000 08:01 933776                     /usr/share/java/slf4j-api.jar
7fb7d4015000-7fb7d4017000 r--s 0000e000 08:01 933755                     /usr/share/java/plexus-interpolation.jar
7fb7d4017000-7fb7d401d000 r--s 00048000 08:01 933792                     /usr/share/java/jsoup.jar
7fb7d401d000-7fb7d401f000 r--s 0000a000 08:01 933999                     /usr/share/java/maven3-plugin-api-3.3.9.jar
7fb7d401f000-7fb7d406e000 rw-p 00000000 00:00 0 
7fb7d406e000-7fb7d406f000 ---p 00000000 00:00 0 
7fb7d406f000-7fb7d416f000 rw-p 00000000 00:00 0 
7fb7d416f000-7fb7d4170000 ---p 00000000 00:00 0 
7fb7d4170000-7fb7d4270000 rw-p 00000000 00:00 0 
7fb7d4270000-7fb7d4271000 ---p 00000000 00:00 0 
7fb7d4271000-7fb7d4386000 rw-p 00000000 00:00 0 
7fb7d4386000-7fb7d44b9000 ---p 00000000 00:00 0 
7fb7d44b9000-7fb7d44ce000 rw-p 00000000 00:00 0 
7fb7d44ce000-7fb7d4600000 ---p 00000000 00:00 0 
7fb7d4600000-7fb7d4648000 rw-p 00000000 00:00 0 
7fb7d4648000-7fb7d46a4000 ---p 00000000 00:00 0 
7fb7d46a4000-7fb7d46cc000 rw-p 00000000 00:00 0 
7fb7d46cc000-7fb7d4a65000 ---p 00000000 00:00 0 
7fb7d4a65000-7fb7d4a80000 r-xp 00000000 08:01 916926                     /usr/java/jdk1.8.0_201/jre/lib/amd64/libzip.so
7fb7d4a80000-7fb7d4c7f000 ---p 0001b000 08:01 916926                     /usr/java/jdk1.8.0_201/jre/lib/amd64/libzip.so
7fb7d4c7f000-7fb7d4c80000 r--p 0001a000 08:01 916926                     /usr/java/jdk1.8.0_201/jre/lib/amd64/libzip.so
7fb7d4c80000-7fb7d4c81000 rw-p 0001b000 08:01 916926                     /usr/java/jdk1.8.0_201/jre/lib/amd64/libzip.so
7fb7d4c81000-7fb7d4c8c000 r-xp 00000000 08:01 789571                     /lib/x86_64-linux-gnu/libnss_files-2.23.so
7fb7d4c8c000-7fb7d4e8b000 ---p 0000b000 08:01 789571                     /lib/x86_64-linux-gnu/libnss_files-2.23.so
7fb7d4e8b000-7fb7d4e8c000 r--p 0000a000 08:01 789571                     /lib/x86_64-linux-gnu/libnss_files-2.23.so
7fb7d4e8c000-7fb7d4e8d000 rw-p 0000b000 08:01 789571                     /lib/x86_64-linux-gnu/libnss_files-2.23.so
7fb7d4e8d000-7fb7d4e93000 rw-p 00000000 00:00 0 
7fb7d4e93000-7fb7d4e9e000 r-xp 00000000 08:01 789581                     /lib/x86_64-linux-gnu/libnss_nis-2.23.so
7fb7d4e9e000-7fb7d509d000 ---p 0000b000 08:01 789581                     /lib/x86_64-linux-gnu/libnss_nis-2.23.so
7fb7d509d000-7fb7d509e000 r--p 0000a000 08:01 789581                     /lib/x86_64-linux-gnu/libnss_nis-2.23.so
7fb7d509e000-7fb7d509f000 rw-p 0000b000 08:01 789581                     /lib/x86_64-linux-gnu/libnss_nis-2.23.so
7fb7d509f000-7fb7d50b5000 r-xp 00000000 08:01 789565                     /lib/x86_64-linux-gnu/libnsl-2.23.so
7fb7d50b5000-7fb7d52b4000 ---p 00016000 08:01 789565                     /lib/x86_64-linux-gnu/libnsl-2.23.so
7fb7d52b4000-7fb7d52b5000 r--p 00015000 08:01 789565                     /lib/x86_64-linux-gnu/libnsl-2.23.so
7fb7d52b5000-7fb7d52b6000 rw-p 00016000 08:01 789565                     /lib/x86_64-linux-gnu/libnsl-2.23.so
7fb7d52b6000-7fb7d52b8000 rw-p 00000000 00:00 0 
7fb7d52b8000-7fb7d52c0000 r-xp 00000000 08:01 789567                     /lib/x86_64-linux-gnu/libnss_compat-2.23.so
7fb7d52c0000-7fb7d54bf000 ---p 00008000 08:01 789567                     /lib/x86_64-linux-gnu/libnss_compat-2.23.so
7fb7d54bf000-7fb7d54c0000 r--p 00007000 08:01 789567                     /lib/x86_64-linux-gnu/libnss_compat-2.23.so
7fb7d54c0000-7fb7d54c1000 rw-p 00008000 08:01 789567                     /lib/x86_64-linux-gnu/libnss_compat-2.23.so
7fb7d54c1000-7fb7d54ed000 r-xp 00000000 08:01 916920                     /usr/java/jdk1.8.0_201/jre/lib/amd64/libjava.so
7fb7d54ed000-7fb7d56ed000 ---p 0002c000 08:01 916920                     /usr/java/jdk1.8.0_201/jre/lib/amd64/libjava.so
7fb7d56ed000-7fb7d56ee000 r--p 0002c000 08:01 916920                     /usr/java/jdk1.8.0_201/jre/lib/amd64/libjava.so
7fb7d56ee000-7fb7d56f0000 rw-p 0002d000 08:01 916920                     /usr/java/jdk1.8.0_201/jre/lib/amd64/libjava.so
7fb7d56f0000-7fb7d56fd000 r-xp 00000000 08:01 916925                     /usr/java/jdk1.8.0_201/jre/lib/amd64/libverify.so
7fb7d56fd000-7fb7d58fc000 ---p 0000d000 08:01 916925                     /usr/java/jdk1.8.0_201/jre/lib/amd64/libverify.so
7fb7d58fc000-7fb7d58fe000 r--p 0000c000 08:01 916925                     /usr/java/jdk1.8.0_201/jre/lib/amd64/libverify.so
7fb7d58fe000-7fb7d58ff000 rw-p 0000e000 08:01 916925                     /usr/java/jdk1.8.0_201/jre/lib/amd64/libverify.so
7fb7d58ff000-7fb7d5906000 r-xp 00000000 08:01 789626                     /lib/x86_64-linux-gnu/librt-2.23.so
7fb7d5906000-7fb7d5b05000 ---p 00007000 08:01 789626                     /lib/x86_64-linux-gnu/librt-2.23.so
7fb7d5b05000-7fb7d5b06000 r--p 00006000 08:01 789626                     /lib/x86_64-linux-gnu/librt-2.23.so
7fb7d5b06000-7fb7d5b07000 rw-p 00007000 08:01 789626                     /lib/x86_64-linux-gnu/librt-2.23.so
7fb7d5b07000-7fb7d5c0f000 r-xp 00000000 08:01 789542                     /lib/x86_64-linux-gnu/libm-2.23.so
7fb7d5c0f000-7fb7d5e0e000 ---p 00108000 08:01 789542                     /lib/x86_64-linux-gnu/libm-2.23.so
7fb7d5e0e000-7fb7d5e0f000 r--p 00107000 08:01 789542                     /lib/x86_64-linux-gnu/libm-2.23.so
7fb7d5e0f000-7fb7d5e10000 rw-p 00108000 08:01 789542                     /lib/x86_64-linux-gnu/libm-2.23.so
7fb7d5e10000-7fb7d6af8000 r-xp 00000000 08:01 916902                     /usr/java/jdk1.8.0_201/jre/lib/amd64/server/libjvm.so
7fb7d6af8000-7fb7d6cf7000 ---p 00ce8000 08:01 916902                     /usr/java/jdk1.8.0_201/jre/lib/amd64/server/libjvm.so
7fb7d6cf7000-7fb7d6d8d000 r--p 00ce7000 08:01 916902                     /usr/java/jdk1.8.0_201/jre/lib/amd64/server/libjvm.so
7fb7d6d8d000-7fb7d6dbe000 rw-p 00d7d000 08:01 916902                     /usr/java/jdk1.8.0_201/jre/lib/amd64/server/libjvm.so
7fb7d6dbe000-7fb7d6df9000 rw-p 00000000 00:00 0 
7fb7d6df9000-7fb7d6fb9000 r-xp 00000000 08:01 789472                     /lib/x86_64-linux-gnu/libc-2.23.so
7fb7d6fb9000-7fb7d71b9000 ---p 001c0000 08:01 789472                     /lib/x86_64-linux-gnu/libc-2.23.so
7fb7d71b9000-7fb7d71bd000 r--p 001c0000 08:01 789472                     /lib/x86_64-linux-gnu/libc-2.23.so
7fb7d71bd000-7fb7d71bf000 rw-p 001c4000 08:01 789472                     /lib/x86_64-linux-gnu/libc-2.23.so
7fb7d71bf000-7fb7d71c3000 rw-p 00000000 00:00 0 
7fb7d71c3000-7fb7d71c6000 r-xp 00000000 08:01 789496                     /lib/x86_64-linux-gnu/libdl-2.23.so
7fb7d71c6000-7fb7d73c5000 ---p 00003000 08:01 789496                     /lib/x86_64-linux-gnu/libdl-2.23.so
7fb7d73c5000-7fb7d73c6000 r--p 00002000 08:01 789496                     /lib/x86_64-linux-gnu/libdl-2.23.so
7fb7d73c6000-7fb7d73c7000 rw-p 00003000 08:01 789496                     /lib/x86_64-linux-gnu/libdl-2.23.so
7fb7d73c7000-7fb7d73de000 r-xp 00000000 08:01 676630                     /usr/java/jdk1.8.0_201/lib/amd64/jli/libjli.so
7fb7d73de000-7fb7d75dd000 ---p 00017000 08:01 676630                     /usr/java/jdk1.8.0_201/lib/amd64/jli/libjli.so
7fb7d75dd000-7fb7d75de000 r--p 00016000 08:01 676630                     /usr/java/jdk1.8.0_201/lib/amd64/jli/libjli.so
7fb7d75de000-7fb7d75df000 rw-p 00017000 08:01 676630                     /usr/java/jdk1.8.0_201/lib/amd64/jli/libjli.so
7fb7d75df000-7fb7d75f7000 r-xp 00000000 08:01 789618                     /lib/x86_64-linux-gnu/libpthread-2.23.so
7fb7d75f7000-7fb7d77f6000 ---p 00018000 08:01 789618                     /lib/x86_64-linux-gnu/libpthread-2.23.so
7fb7d77f6000-7fb7d77f7000 r--p 00017000 08:01 789618                     /lib/x86_64-linux-gnu/libpthread-2.23.so
7fb7d77f7000-7fb7d77f8000 rw-p 00018000 08:01 789618                     /lib/x86_64-linux-gnu/libpthread-2.23.so
7fb7d77f8000-7fb7d77fc000 rw-p 00000000 00:00 0 
7fb7d77fc000-7fb7d7822000 r-xp 00000000 08:01 789444                     /lib/x86_64-linux-gnu/ld-2.23.so
7fb7d7822000-7fb7d7823000 r--s 00004000 08:01 933666                     /usr/share/java/atinject-jsr330-tck-1.0.jar
7fb7d7823000-7fb7d7825000 r--s 0000d000 08:01 934006                     /usr/share/java/maven3-aether-provider-3.3.9.jar
7fb7d7825000-7fb7d782a000 r--s 00040000 08:01 933708                     /usr/share/java/commons-lang-2.6.jar
7fb7d782a000-7fb7d782b000 r--s 00006000 08:01 934002                     /usr/share/java/maven3-repository-metadata-3.3.9.jar
7fb7d782b000-7fb7d7904000 rw-p 00000000 00:00 0 
7fb7d7904000-7fb7d7907000 ---p 00000000 00:00 0 
7fb7d7907000-7fb7d7a0a000 rw-p 00000000 00:00 0 
7fb7d7a0a000-7fb7d7a0c000 r--s 00001000 08:01 934008                     /usr/share/java/maven3-builder-support-3.3.9.jar
7fb7d7a0c000-7fb7d7a0d000 r--s 00001000 08:01 933988                     /usr/share/java/wagon-http-shared-2.x.jar
7fb7d7a0d000-7fb7d7a11000 r--s 00020000 08:01 933857                     /usr/share/java/eclipse-aether-util.jar
7fb7d7a11000-7fb7d7a13000 r--s 00006000 08:01 933854                     /usr/share/java/eclipse-aether-spi.jar
7fb7d7a13000-7fb7d7a15000 r--s 0000a000 08:01 933982                     /usr/share/java/wagon-provider-api-2.x.jar
7fb7d7a15000-7fb7d7a17000 r--s 0000a000 08:01 933963                     /usr/share/java/plexus-classworlds2-2.5.2.jar
7fb7d7a17000-7fb7d7a1f000 rw-s 00000000 08:01 446710                     /tmp/hsperfdata_hadoop/11438
7fb7d7a1f000-7fb7d7a20000 rw-p 00000000 00:00 0 
7fb7d7a20000-7fb7d7a21000 ---p 00000000 00:00 0 
7fb7d7a21000-7fb7d7a22000 r--p 00025000 08:01 789444                     /lib/x86_64-linux-gnu/ld-2.23.so
7fb7d7a22000-7fb7d7a23000 rw-p 00026000 08:01 789444                     /lib/x86_64-linux-gnu/ld-2.23.so
7fb7d7a23000-7fb7d7a24000 rw-p 00000000 00:00 0 
7ffd6e5e6000-7ffd6e608000 rw-p 00000000 00:00 0                          [stack]
7ffd6e700000-7ffd6e703000 r--p 00000000 00:00 0                          [vvar]
7ffd6e703000-7ffd6e705000 r-xp 00000000 00:00 0                          [vdso]
ffffffffff600000-ffffffffff601000 r-xp 00000000 00:00 0                  [vsyscall]

VM Arguments:
jvm_args: -Dclassworlds.conf=/usr/share/maven/bin/m2.conf -Dmaven.home=/usr/share/maven -Dmaven.multiModuleProjectDirectory=/home/hadoop/WorkSpace/BigData/Lab3 
java_command: org.codehaus.plexus.classworlds.launcher.Launcher package
java_class_path (initial): /usr/share/maven/boot/plexus-classworlds-2.x.jar
Launcher Type: SUN_STANDARD

Environment Variables:
JAVA_HOME=/usr/java/jdk1.8.0_201
CLASSPATH=/usr/java/jdk1.8.0_201/lib:.
PATH=/home/hadoop/bin:/home/hadoop/.local/bin:.:/usr/hadoop/hadoop-2.9.2/bin:/usr/java/jdk1.8.0_201/bin:/usr/local/sbin:/usr/local/bin:/usr/sbin:/usr/bin:/sbin:/bin:/usr/games:/usr/local/games:/snap/bin:/usr/java/jdk1.8.0_201/bin:/usr/hbase/hbase-1.4.9/bin:/usr/hive/hive-2.3.4/bin
SHELL=/bin/bash
DISPLAY=:1

Signal Handlers:
SIGSEGV: [libjvm.so+0xad3e60], sa_mask[0]=11111111011111111101111111111110, sa_flags=SA_RESTART|SA_SIGINFO
SIGBUS: [libjvm.so+0xad3e60], sa_mask[0]=11111111011111111101111111111110, sa_flags=SA_RESTART|SA_SIGINFO
SIGFPE: [libjvm.so+0x90b880], sa_mask[0]=11111111011111111101111111111110, sa_flags=SA_RESTART|SA_SIGINFO
SIGPIPE: [libjvm.so+0x90b880], sa_mask[0]=11111111011111111101111111111110, sa_flags=SA_RESTART|SA_SIGINFO
SIGXFSZ: [libjvm.so+0x90b880], sa_mask[0]=11111111011111111101111111111110, sa_flags=SA_RESTART|SA_SIGINFO
SIGILL: [libjvm.so+0x90b880], sa_mask[0]=11111111011111111101111111111110, sa_flags=SA_RESTART|SA_SIGINFO
SIGUSR1: SIG_DFL, sa_mask[0]=00000000000000000000000000000000, sa_flags=none
SIGUSR2: [libjvm.so+0x90b750], sa_mask[0]=00000000000000000000000000000000, sa_flags=SA_RESTART|SA_SIGINFO
SIGHUP: [libjvm.so+0x90bd70], sa_mask[0]=11111111011111111101111111111110, sa_flags=SA_RESTART|SA_SIGINFO
SIGINT: [libjvm.so+0x90bd70], sa_mask[0]=11111111011111111101111111111110, sa_flags=SA_RESTART|SA_SIGINFO
SIGTERM: [libjvm.so+0x90bd70], sa_mask[0]=11111111011111111101111111111110, sa_flags=SA_RESTART|SA_SIGINFO
SIGQUIT: [libjvm.so+0x90bd70], sa_mask[0]=11111111011111111101111111111110, sa_flags=SA_RESTART|SA_SIGINFO


---------------  S Y S T E M  ---------------

OS:DISTRIB_ID=Ubuntu
DISTRIB_RELEASE=16.04
DISTRIB_CODENAME=xenial
DISTRIB_DESCRIPTION="Ubuntu 16.04.6 LTS"

uname:Linux 4.15.0-47-generic #50~16.04.1-Ubuntu SMP Fri Mar 15 16:06:21 UTC 2019 x86_64
libc:glibc 2.23 NPTL 2.23 
rlimit: STACK 8192k, CORE 0k, NPROC 15453, NOFILE 1048576, AS infinity
load average:2.37 2.04 1.75

/proc/meminfo:
MemTotal:        4015664 kB
MemFree:          109656 kB
MemAvailable:      22288 kB
Buffers:            3940 kB
Cached:            53380 kB
SwapCached:         3804 kB
Active:          2541964 kB
Inactive:         645176 kB
Active(anon):    2527072 kB
Inactive(anon):   628484 kB
Active(file):      14892 kB
Inactive(file):    16692 kB
Unevictable:          80 kB
Mlocked:              80 kB
SwapTotal:        998396 kB
SwapFree:              0 kB
Dirty:               392 kB
Writeback:             0 kB
AnonPages:       3126512 kB
Mapped:            30824 kB
Shmem:             25728 kB
Slab:             116544 kB
SReclaimable:      34640 kB
SUnreclaim:        81904 kB
KernelStack:       28112 kB
PageTables:        70164 kB
NFS_Unstable:          0 kB
Bounce:                0 kB
WritebackTmp:          0 kB
CommitLimit:     3006228 kB
Committed_AS:   12308000 kB
VmallocTotal:   34359738367 kB
VmallocUsed:           0 kB
VmallocChunk:          0 kB
HardwareCorrupted:     0 kB
AnonHugePages:         0 kB
ShmemHugePages:        0 kB
ShmemPmdMapped:        0 kB
CmaTotal:              0 kB
CmaFree:               0 kB
HugePages_Total:       0
HugePages_Free:        0
HugePages_Rsvd:        0
HugePages_Surp:        0
Hugepagesize:       2048 kB
DirectMap4k:      132928 kB
DirectMap2M:     3012608 kB
DirectMap1G:     3145728 kB

container (cgroup) information:
container_type: cgroupv1
cpu_cpuset_cpus: 0-3
cpu_memory_nodes: 0
active_processor_count: 4
cpu_quota: -1
cpu_period: 100000
cpu_shares: -1
memory_limit_in_bytes: -1
memory_and_swap_limit_in_bytes: -2
memory_soft_limit_in_bytes: -1
memory_usage_in_bytes: 3261399040
memory_max_usage_in_bytes: 0


CPU:total 4 (initial active 4) (1 cores per cpu, 1 threads per core) family 6 model 142 stepping 9, cmov, cx8, fxsr, mmx, sse, sse2, sse3, ssse3, sse4.1, sse4.2, popcnt, avx, avx2, aes, clmul, erms, 3dnowpref, lzcnt, tsc, tscinvbit, bmi1, bmi2, adx

/proc/cpuinfo:
processor	: 0
vendor_id	: GenuineIntel
cpu family	: 6
model		: 142
model name	: Intel(R) Core(TM) i5-7200U CPU @ 2.50GHz
stepping	: 9
microcode	: 0x84
cpu MHz		: 2712.001
cache size	: 3072 KB
physical id	: 0
siblings	: 1
core id		: 0
cpu cores	: 1
apicid		: 0
initial apicid	: 0
fpu		: yes
fpu_exception	: yes
cpuid level	: 22
wp		: yes
flags		: fpu vme de pse tsc msr pae mce cx8 apic sep mtrr pge mca cmov pat pse36 clflush mmx fxsr sse sse2 ss syscall nx pdpe1gb rdtscp lm constant_tsc arch_perfmon nopl xtopology tsc_reliable nonstop_tsc cpuid pni pclmulqdq ssse3 fma cx16 pcid sse4_1 sse4_2 x2apic movbe popcnt tsc_deadline_timer aes xsave avx f16c rdrand hypervisor lahf_lm abm 3dnowprefetch cpuid_fault invpcid_single pti ibrs ibpb stibp fsgsbase tsc_adjust bmi1 avx2 smep bmi2 invpcid mpx rdseed adx smap clflushopt xsaveopt xsavec xsaves arat
bugs		: cpu_meltdown spectre_v1 spectre_v2 spec_store_bypass l1tf
bogomips	: 5424.00
clflush size	: 64
cache_alignment	: 64
address sizes	: 43 bits physical, 48 bits virtual
power management:

processor	: 1
vendor_id	: GenuineIntel
cpu family	: 6
model		: 142
model name	: Intel(R) Core(TM) i5-7200U CPU @ 2.50GHz
stepping	: 9
microcode	: 0x84
cpu MHz		: 2712.001
cache size	: 3072 KB
physical id	: 2
siblings	: 1
core id		: 0
cpu cores	: 1
apicid		: 2
initial apicid	: 2
fpu		: yes
fpu_exception	: yes
cpuid level	: 22
wp		: yes
flags		: fpu vme de pse tsc msr pae mce cx8 apic sep mtrr pge mca cmov pat pse36 clflush mmx fxsr sse sse2 ss syscall nx pdpe1gb rdtscp lm constant_tsc arch_perfmon nopl xtopology tsc_reliable nonstop_tsc cpuid pni pclmulqdq ssse3 fma cx16 pcid sse4_1 sse4_2 x2apic movbe popcnt tsc_deadline_timer aes xsave avx f16c rdrand hypervisor lahf_lm abm 3dnowprefetch cpuid_fault invpcid_single pti ibrs ibpb stibp fsgsbase tsc_adjust bmi1 avx2 smep bmi2 invpcid mpx rdseed adx smap clflushopt xsaveopt xsavec xsaves arat
bugs		: cpu_meltdown spectre_v1 spectre_v2 spec_store_bypass l1tf
bogomips	: 5424.00
clflush size	: 64
cache_alignment	: 64
address sizes	: 43 bits physical, 48 bits virtual
power management:

processor	: 2
vendor_id	: GenuineIntel
cpu family	: 6
model		: 142
model name	: Intel(R) Core(TM) i5-7200U CPU @ 2.50GHz
stepping	: 9
microcode	: 0x84
cpu MHz		: 2712.001
cache size	: 3072 KB
physical id	: 4
siblings	: 1
core id		: 0
cpu cores	: 1
apicid		: 4
initial apicid	: 4
fpu		: yes
fpu_exception	: yes
cpuid level	: 22
wp		: yes
flags		: fpu vme de pse tsc msr pae mce cx8 apic sep mtrr pge mca cmov pat pse36 clflush mmx fxsr sse sse2 ss syscall nx pdpe1gb rdtscp lm constant_tsc arch_perfmon nopl xtopology tsc_reliable nonstop_tsc cpuid pni pclmulqdq ssse3 fma cx16 pcid sse4_1 sse4_2 x2apic movbe popcnt tsc_deadline_timer aes xsave avx f16c rdrand hypervisor lahf_lm abm 3dnowprefetch cpuid_fault invpcid_single pti ibrs ibpb stibp fsgsbase tsc_adjust bmi1 avx2 smep bmi2 invpcid mpx rdseed adx smap clflushopt xsaveopt xsavec xsaves arat
bugs		: cpu_meltdown spectre_v1 spectre_v2 spec_store_bypass l1tf
bogomips	: 5424.00
clflush size	: 64
cache_alignment	: 64
address sizes	: 43 bits physical, 48 bits virtual
power management:

processor	: 3
vendor_id	: GenuineIntel
cpu family	: 6
model		: 142
model name	: Intel(R) Core(TM) i5-7200U CPU @ 2.50GHz
stepping	: 9
microcode	: 0x84
cpu MHz		: 2712.001
cache size	: 3072 KB
physical id	: 6
siblings	: 1
core id		: 0
cpu cores	: 1
apicid		: 6
initial apicid	: 6
fpu		: yes
fpu_exception	: yes
cpuid level	: 22
wp		: yes
flags		: fpu vme de pse tsc msr pae mce cx8 apic sep mtrr pge mca cmov pat pse36 clflush mmx fxsr sse sse2 ss syscall nx pdpe1gb rdtscp lm constant_tsc arch_perfmon nopl xtopology tsc_reliable nonstop_tsc cpuid pni pclmulqdq ssse3 fma cx16 pcid sse4_1 sse4_2 x2apic movbe popcnt tsc_deadline_timer aes xsave avx f16c rdrand hypervisor lahf_lm abm 3dnowprefetch cpuid_fault invpcid_single pti ibrs ibpb stibp fsgsbase tsc_adjust bmi1 avx2 smep bmi2 invpcid mpx rdseed adx smap clflushopt xsaveopt xsavec xsaves arat
bugs		: cpu_meltdown spectre_v1 spectre_v2 spec_store_bypass l1tf
bogomips	: 5424.00
clflush size	: 64
cache_alignment	: 64
address sizes	: 43 bits physical, 48 bits virtual
power management:



Memory: 4k page, physical 4015664k(109284k free), swap 998396k(0k free)

vm_info: Java HotSpot(TM) 64-Bit Server VM (25.201-b09) for linux-amd64 JRE (1.8.0_201-b09), built on Dec 15 2018 11:35:59 by "java_re" with gcc 7.3.0

time: Sat May  4 16:28:52 2019
timezone: CST
elapsed time: 9 seconds (0d 0h 0m 9s)

