#
# There is insufficient memory for the Java Runtime Environment to continue.
# Native memory allocation (mmap) failed to map 43515904 bytes for committing reserved memory.
# Possible reasons:
#   The system is out of physical RAM or swap space
#   The process is running with CompressedOops enabled, and the Java Heap may be blocking the growth of the native heap
# Possible solutions:
#   Reduce memory load on the system
#   Increase physical memory or swap space
#   Check if swap backing store is full
#   Decrease Java heap size (-Xmx/-Xms)
#   Decrease number of Java threads
#   Decrease Java thread stack sizes (-Xss)
#   Set larger code cache with -XX:ReservedCodeCacheSize=
# This output file may be truncated or incomplete.
#
#  Out of Memory Error (os_linux.cpp:2749), pid=10932, tid=0x00007fe258e98700
#
# JRE version:  (8.0_201-b09) (build )
# Java VM: Java HotSpot(TM) 64-Bit Server VM (25.201-b09 mixed mode linux-amd64 compressed oops)
# Failed to write core dump. Core dumps have been disabled. To enable core dumping, try "ulimit -c unlimited" before starting Java again
#

---------------  T H R E A D  ---------------

Current thread (0x00007fe25000a800):  JavaThread "Unknown thread" [_thread_in_vm, id=10935, stack(0x00007fe258d98000,0x00007fe258e99000)]

Stack: [0x00007fe258d98000,0x00007fe258e99000],  sp=0x00007fe258e975d0,  free space=1021k
Native frames: (J=compiled Java code, j=interpreted, Vv=VM code, C=native code)
V  [libjvm.so+0xad3525]  VMError::report_and_die()+0x2e5
V  [libjvm.so+0x4e0457]  report_vm_out_of_memory(char const*, int, unsigned long, VMErrorType, char const*)+0x67
V  [libjvm.so+0x9102f0]  os::pd_commit_memory(char*, unsigned long, unsigned long, bool)+0x100
V  [libjvm.so+0x90791f]  os::commit_memory(char*, unsigned long, unsigned long, bool)+0x1f
V  [libjvm.so+0x98c806]  PSVirtualSpace::expand_by(unsigned long)+0x56
V  [libjvm.so+0x97d0bc]  PSOldGen::initialize(ReservedSpace, unsigned long, char const*, int)+0x8c
V  [libjvm.so+0x2bcfce]  AdjoiningGenerations::AdjoiningGenerations(ReservedSpace, GenerationSizer*, unsigned long)+0x2fe
V  [libjvm.so+0x93ad32]  ParallelScavengeHeap::initialize()+0x222
V  [libjvm.so+0xa9714a]  Universe::initialize_heap()+0x16a
V  [libjvm.so+0xa97433]  universe_init()+0x33
V  [libjvm.so+0x631fd0]  init_globals()+0x50
V  [libjvm.so+0xa79b69]  Threads::create_vm(JavaVMInitArgs*, bool*)+0x409
V  [libjvm.so+0x6d7b4f]  JNI_CreateJavaVM+0x4f
C  [libjli.so+0x7ee4]  JavaMain+0x84
C  [libpthread.so.0+0x76ba]  start_thread+0xca


---------------  P R O C E S S  ---------------

Java Threads: ( => current thread )

Other Threads:

=>0x00007fe25000a800 (exited) JavaThread "Unknown thread" [_thread_in_vm, id=10935, stack(0x00007fe258d98000,0x00007fe258e99000)]

VM state:not at safepoint (not fully initialized)

VM Mutex/Monitor currently owned by a thread: None

heap address: 0x00000000c2a00000, size: 982 MB, Compressed Oops mode: Non-zero based:0x00000000c29ff000
Narrow klass base: 0x0000000000000000, Narrow klass shift: 0

GC Heap History (0 events):
No events

Deoptimization events (0 events):
No events

Classes redefined (0 events):
No events

Internal exceptions (0 events):
No events

Events (0 events):
No events


Dynamic libraries:
00400000-00401000 r-xp 00000000 08:01 676662                             /usr/java/jdk1.8.0_201/jre/bin/java
00600000-00601000 r--p 00000000 08:01 676662                             /usr/java/jdk1.8.0_201/jre/bin/java
00601000-00602000 rw-p 00001000 08:01 676662                             /usr/java/jdk1.8.0_201/jre/bin/java
01e08000-01e29000 rw-p 00000000 00:00 0                                  [heap]
c5380000-eb900000 ---p 00000000 00:00 0 
eb900000-ecd80000 rw-p 00000000 00:00 0 
ecd80000-100000000 ---p 00000000 00:00 0 
7fe241000000-7fe241270000 rwxp 00000000 00:00 0 
7fe241270000-7fe250000000 ---p 00000000 00:00 0 
7fe250000000-7fe250035000 rw-p 00000000 00:00 0 
7fe250035000-7fe254000000 ---p 00000000 00:00 0 
7fe2556b8000-7fe25594d000 rw-p 00000000 00:00 0 
7fe25594d000-7fe255a94000 ---p 00000000 00:00 0 
7fe255a94000-7fe255a9f000 rw-p 00000000 00:00 0 
7fe255a9f000-7fe255b38000 ---p 00000000 00:00 0 
7fe255b38000-7fe255b43000 rw-p 00000000 00:00 0 
7fe255b43000-7fe255ef9000 ---p 00000000 00:00 0 
7fe255ef9000-7fe255f14000 r-xp 00000000 08:01 916926                     /usr/java/jdk1.8.0_201/jre/lib/amd64/libzip.so
7fe255f14000-7fe256113000 ---p 0001b000 08:01 916926                     /usr/java/jdk1.8.0_201/jre/lib/amd64/libzip.so
7fe256113000-7fe256114000 r--p 0001a000 08:01 916926                     /usr/java/jdk1.8.0_201/jre/lib/amd64/libzip.so
7fe256114000-7fe256115000 rw-p 0001b000 08:01 916926                     /usr/java/jdk1.8.0_201/jre/lib/amd64/libzip.so
7fe256115000-7fe256120000 r-xp 00000000 08:01 789571                     /lib/x86_64-linux-gnu/libnss_files-2.23.so
7fe256120000-7fe25631f000 ---p 0000b000 08:01 789571                     /lib/x86_64-linux-gnu/libnss_files-2.23.so
7fe25631f000-7fe256320000 r--p 0000a000 08:01 789571                     /lib/x86_64-linux-gnu/libnss_files-2.23.so
7fe256320000-7fe256321000 rw-p 0000b000 08:01 789571                     /lib/x86_64-linux-gnu/libnss_files-2.23.so
7fe256321000-7fe256327000 rw-p 00000000 00:00 0 
7fe256327000-7fe256332000 r-xp 00000000 08:01 789581                     /lib/x86_64-linux-gnu/libnss_nis-2.23.so
7fe256332000-7fe256531000 ---p 0000b000 08:01 789581                     /lib/x86_64-linux-gnu/libnss_nis-2.23.so
7fe256531000-7fe256532000 r--p 0000a000 08:01 789581                     /lib/x86_64-linux-gnu/libnss_nis-2.23.so
7fe256532000-7fe256533000 rw-p 0000b000 08:01 789581                     /lib/x86_64-linux-gnu/libnss_nis-2.23.so
7fe256533000-7fe256549000 r-xp 00000000 08:01 789565                     /lib/x86_64-linux-gnu/libnsl-2.23.so
7fe256549000-7fe256748000 ---p 00016000 08:01 789565                     /lib/x86_64-linux-gnu/libnsl-2.23.so
7fe256748000-7fe256749000 r--p 00015000 08:01 789565                     /lib/x86_64-linux-gnu/libnsl-2.23.so
7fe256749000-7fe25674a000 rw-p 00016000 08:01 789565                     /lib/x86_64-linux-gnu/libnsl-2.23.so
7fe25674a000-7fe25674c000 rw-p 00000000 00:00 0 
7fe25674c000-7fe256754000 r-xp 00000000 08:01 789567                     /lib/x86_64-linux-gnu/libnss_compat-2.23.so
7fe256754000-7fe256953000 ---p 00008000 08:01 789567                     /lib/x86_64-linux-gnu/libnss_compat-2.23.so
7fe256953000-7fe256954000 r--p 00007000 08:01 789567                     /lib/x86_64-linux-gnu/libnss_compat-2.23.so
7fe256954000-7fe256955000 rw-p 00008000 08:01 789567                     /lib/x86_64-linux-gnu/libnss_compat-2.23.so
7fe256955000-7fe256981000 r-xp 00000000 08:01 916920                     /usr/java/jdk1.8.0_201/jre/lib/amd64/libjava.so
7fe256981000-7fe256b81000 ---p 0002c000 08:01 916920                     /usr/java/jdk1.8.0_201/jre/lib/amd64/libjava.so
7fe256b81000-7fe256b82000 r--p 0002c000 08:01 916920                     /usr/java/jdk1.8.0_201/jre/lib/amd64/libjava.so
7fe256b82000-7fe256b84000 rw-p 0002d000 08:01 916920                     /usr/java/jdk1.8.0_201/jre/lib/amd64/libjava.so
7fe256b84000-7fe256b91000 r-xp 00000000 08:01 916925                     /usr/java/jdk1.8.0_201/jre/lib/amd64/libverify.so
7fe256b91000-7fe256d90000 ---p 0000d000 08:01 916925                     /usr/java/jdk1.8.0_201/jre/lib/amd64/libverify.so
7fe256d90000-7fe256d92000 r--p 0000c000 08:01 916925                     /usr/java/jdk1.8.0_201/jre/lib/amd64/libverify.so
7fe256d92000-7fe256d93000 rw-p 0000e000 08:01 916925                     /usr/java/jdk1.8.0_201/jre/lib/amd64/libverify.so
7fe256d93000-7fe256d9a000 r-xp 00000000 08:01 789626                     /lib/x86_64-linux-gnu/librt-2.23.so
7fe256d9a000-7fe256f99000 ---p 00007000 08:01 789626                     /lib/x86_64-linux-gnu/librt-2.23.so
7fe256f99000-7fe256f9a000 r--p 00006000 08:01 789626                     /lib/x86_64-linux-gnu/librt-2.23.so
7fe256f9a000-7fe256f9b000 rw-p 00007000 08:01 789626                     /lib/x86_64-linux-gnu/librt-2.23.so
7fe256f9b000-7fe2570a3000 r-xp 00000000 08:01 789542                     /lib/x86_64-linux-gnu/libm-2.23.so
7fe2570a3000-7fe2572a2000 ---p 00108000 08:01 789542                     /lib/x86_64-linux-gnu/libm-2.23.so
7fe2572a2000-7fe2572a3000 r--p 00107000 08:01 789542                     /lib/x86_64-linux-gnu/libm-2.23.so
7fe2572a3000-7fe2572a4000 rw-p 00108000 08:01 789542                     /lib/x86_64-linux-gnu/libm-2.23.so
7fe2572a4000-7fe257f8c000 r-xp 00000000 08:01 916902                     /usr/java/jdk1.8.0_201/jre/lib/amd64/server/libjvm.so
7fe257f8c000-7fe25818b000 ---p 00ce8000 08:01 916902                     /usr/java/jdk1.8.0_201/jre/lib/amd64/server/libjvm.so
7fe25818b000-7fe258221000 r--p 00ce7000 08:01 916902                     /usr/java/jdk1.8.0_201/jre/lib/amd64/server/libjvm.so
7fe258221000-7fe258252000 rw-p 00d7d000 08:01 916902                     /usr/java/jdk1.8.0_201/jre/lib/amd64/server/libjvm.so
7fe258252000-7fe25828d000 rw-p 00000000 00:00 0 
7fe25828d000-7fe25844d000 r-xp 00000000 08:01 789472                     /lib/x86_64-linux-gnu/libc-2.23.so
7fe25844d000-7fe25864d000 ---p 001c0000 08:01 789472                     /lib/x86_64-linux-gnu/libc-2.23.so
7fe25864d000-7fe258651000 r--p 001c0000 08:01 789472                     /lib/x86_64-linux-gnu/libc-2.23.so
7fe258651000-7fe258653000 rw-p 001c4000 08:01 789472                     /lib/x86_64-linux-gnu/libc-2.23.so
7fe258653000-7fe258657000 rw-p 00000000 00:00 0 
7fe258657000-7fe25865a000 r-xp 00000000 08:01 789496                     /lib/x86_64-linux-gnu/libdl-2.23.so
7fe25865a000-7fe258859000 ---p 00003000 08:01 789496                     /lib/x86_64-linux-gnu/libdl-2.23.so
7fe258859000-7fe25885a000 r--p 00002000 08:01 789496                     /lib/x86_64-linux-gnu/libdl-2.23.so
7fe25885a000-7fe25885b000 rw-p 00003000 08:01 789496                     /lib/x86_64-linux-gnu/libdl-2.23.so
7fe25885b000-7fe258872000 r-xp 00000000 08:01 916897                     /usr/java/jdk1.8.0_201/jre/lib/amd64/jli/libjli.so
7fe258872000-7fe258a71000 ---p 00017000 08:01 916897                     /usr/java/jdk1.8.0_201/jre/lib/amd64/jli/libjli.so
7fe258a71000-7fe258a72000 r--p 00016000 08:01 916897                     /usr/java/jdk1.8.0_201/jre/lib/amd64/jli/libjli.so
7fe258a72000-7fe258a73000 rw-p 00017000 08:01 916897                     /usr/java/jdk1.8.0_201/jre/lib/amd64/jli/libjli.so
7fe258a73000-7fe258a8b000 r-xp 00000000 08:01 789618                     /lib/x86_64-linux-gnu/libpthread-2.23.so
7fe258a8b000-7fe258c8a000 ---p 00018000 08:01 789618                     /lib/x86_64-linux-gnu/libpthread-2.23.so
7fe258c8a000-7fe258c8b000 r--p 00017000 08:01 789618                     /lib/x86_64-linux-gnu/libpthread-2.23.so
7fe258c8b000-7fe258c8c000 rw-p 00018000 08:01 789618                     /lib/x86_64-linux-gnu/libpthread-2.23.so
7fe258c8c000-7fe258c90000 rw-p 00000000 00:00 0 
7fe258c90000-7fe258cb6000 r-xp 00000000 08:01 789444                     /lib/x86_64-linux-gnu/ld-2.23.so
7fe258d98000-7fe258d9b000 ---p 00000000 00:00 0 
7fe258d9b000-7fe258e9e000 rw-p 00000000 00:00 0 
7fe258eab000-7fe258eb3000 rw-s 00000000 08:01 448175                     /tmp/hsperfdata_hadoop/10932
7fe258eb3000-7fe258eb4000 rw-p 00000000 00:00 0 
7fe258eb4000-7fe258eb5000 r--p 00000000 00:00 0 
7fe258eb5000-7fe258eb6000 r--p 00025000 08:01 789444                     /lib/x86_64-linux-gnu/ld-2.23.so
7fe258eb6000-7fe258eb7000 rw-p 00026000 08:01 789444                     /lib/x86_64-linux-gnu/ld-2.23.so
7fe258eb7000-7fe258eb8000 rw-p 00000000 00:00 0 
7ffd48a96000-7ffd48ab8000 rw-p 00000000 00:00 0                          [stack]
7ffd48ade000-7ffd48ae1000 r--p 00000000 00:00 0                          [vvar]
7ffd48ae1000-7ffd48ae3000 r-xp 00000000 00:00 0                          [vdso]
ffffffffff600000-ffffffffff601000 r-xp 00000000 00:00 0                  [vsyscall]

VM Arguments:
java_command: /home/hadoop/WorkSpace/BigData/Lab3/target/surefire/surefirebooter1157840632173750289.jar /home/hadoop/WorkSpace/BigData/Lab3/target/surefire/surefire7831393903172254039tmp /home/hadoop/WorkSpace/BigData/Lab3/target/surefire/surefire_0130533892008266856tmp
java_class_path (initial): /home/hadoop/WorkSpace/BigData/Lab3/target/surefire/surefirebooter1157840632173750289.jar
Launcher Type: SUN_STANDARD

Environment Variables:
JAVA_HOME=/usr/java/jdk1.8.0_201
CLASSPATH=/usr/java/jdk1.8.0_201/lib:.
PATH=/home/hadoop/bin:/home/hadoop/.local/bin:.:/usr/hadoop/hadoop-2.9.2/bin:/usr/java/jdk1.8.0_201/bin:/usr/local/sbin:/usr/local/bin:/usr/sbin:/usr/bin:/sbin:/bin:/usr/games:/usr/local/games:/snap/bin:/usr/java/jdk1.8.0_201/bin:/usr/hbase/hbase-1.4.9/bin:/usr/hive/hive-2.3.4/bin
SHELL=/bin/bash
DISPLAY=:1

Signal Handlers:
SIGSEGV: [libjvm.so+0xad3e60], sa_mask[0]=11111111011111111101111111111110, sa_flags=SA_RESTART|SA_SIGINFO
SIGBUS: [libjvm.so+0xad3e60], sa_mask[0]=11111111011111111101111111111110, sa_flags=SA_RESTART|SA_SIGINFO
SIGFPE: [libjvm.so+0x90b880], sa_mask[0]=11111111011111111101111111111110, sa_flags=SA_RESTART|SA_SIGINFO
SIGPIPE: [libjvm.so+0x90b880], sa_mask[0]=11111111011111111101111111111110, sa_flags=SA_RESTART|SA_SIGINFO
SIGXFSZ: [libjvm.so+0x90b880], sa_mask[0]=11111111011111111101111111111110, sa_flags=SA_RESTART|SA_SIGINFO
SIGILL: [libjvm.so+0x90b880], sa_mask[0]=11111111011111111101111111111110, sa_flags=SA_RESTART|SA_SIGINFO
SIGUSR1: SIG_DFL, sa_mask[0]=00000000000000000000000000000000, sa_flags=none
SIGUSR2: [libjvm.so+0x90b750], sa_mask[0]=00100000000000000000000000000000, sa_flags=SA_RESTART|SA_SIGINFO
SIGHUP: SIG_DFL, sa_mask[0]=00000000000000000000000000000000, sa_flags=none
SIGINT: SIG_DFL, sa_mask[0]=00000000000000000000000000000000, sa_flags=none
SIGTERM: SIG_DFL, sa_mask[0]=00000000000000000000000000000000, sa_flags=none
SIGQUIT: SIG_DFL, sa_mask[0]=00000000000000000000000000000000, sa_flags=none


---------------  S Y S T E M  ---------------

OS:DISTRIB_ID=Ubuntu
DISTRIB_RELEASE=16.04
DISTRIB_CODENAME=xenial
DISTRIB_DESCRIPTION="Ubuntu 16.04.6 LTS"

uname:Linux 4.15.0-47-generic #50~16.04.1-Ubuntu SMP Fri Mar 15 16:06:21 UTC 2019 x86_64
libc:glibc 2.23 NPTL 2.23 
rlimit: STACK 8192k, CORE 0k, NPROC 15453, NOFILE 1048576, AS infinity
load average:6.14 3.23 1.84

/proc/meminfo:
MemTotal:        4015664 kB
MemFree:           88176 kB
MemAvailable:          0 kB
Buffers:            1048 kB
Cached:            49180 kB
SwapCached:        13584 kB
Active:          2595436 kB
Inactive:         609732 kB
Active(anon):    2584512 kB
Inactive(anon):   596496 kB
Active(file):      10924 kB
Inactive(file):    13236 kB
Unevictable:          80 kB
Mlocked:              80 kB
SwapTotal:        998396 kB
SwapFree:              0 kB
Dirty:               140 kB
Writeback:            28 kB
AnonPages:       3142180 kB
Mapped:            30004 kB
Shmem:             25700 kB
Slab:             116080 kB
SReclaimable:      34320 kB
SUnreclaim:        81760 kB
KernelStack:       28336 kB
PageTables:        70440 kB
NFS_Unstable:          0 kB
Bounce:                0 kB
WritebackTmp:          0 kB
CommitLimit:     3006228 kB
Committed_AS:   12358988 kB
VmallocTotal:   34359738367 kB
VmallocUsed:           0 kB
VmallocChunk:          0 kB
HardwareCorrupted:     0 kB
AnonHugePages:         0 kB
ShmemHugePages:        0 kB
ShmemPmdMapped:        0 kB
CmaTotal:              0 kB
CmaFree:               0 kB
HugePages_Total:       0
HugePages_Free:        0
HugePages_Rsvd:        0
HugePages_Surp:        0
Hugepagesize:       2048 kB
DirectMap4k:      132928 kB
DirectMap2M:     3012608 kB
DirectMap1G:     3145728 kB

container (cgroup) information:
container_type: cgroupv1
cpu_cpuset_cpus: 0-3
cpu_memory_nodes: 0
active_processor_count: 4
cpu_quota: -1
cpu_period: 100000
cpu_shares: -1
memory_limit_in_bytes: -1
memory_and_swap_limit_in_bytes: -2
memory_soft_limit_in_bytes: -1
memory_usage_in_bytes: 3275542528
memory_max_usage_in_bytes: 0


CPU:total 4 (initial active 4) (1 cores per cpu, 1 threads per core) family 6 model 142 stepping 9, cmov, cx8, fxsr, mmx, sse, sse2, sse3, ssse3, sse4.1, sse4.2, popcnt, avx, avx2, aes, clmul, erms, 3dnowpref, lzcnt, tsc, tscinvbit, bmi1, bmi2, adx

/proc/cpuinfo:
processor	: 0
vendor_id	: GenuineIntel
cpu family	: 6
model		: 142
model name	: Intel(R) Core(TM) i5-7200U CPU @ 2.50GHz
stepping	: 9
microcode	: 0x84
cpu MHz		: 2712.001
cache size	: 3072 KB
physical id	: 0
siblings	: 1
core id		: 0
cpu cores	: 1
apicid		: 0
initial apicid	: 0
fpu		: yes
fpu_exception	: yes
cpuid level	: 22
wp		: yes
flags		: fpu vme de pse tsc msr pae mce cx8 apic sep mtrr pge mca cmov pat pse36 clflush mmx fxsr sse sse2 ss syscall nx pdpe1gb rdtscp lm constant_tsc arch_perfmon nopl xtopology tsc_reliable nonstop_tsc cpuid pni pclmulqdq ssse3 fma cx16 pcid sse4_1 sse4_2 x2apic movbe popcnt tsc_deadline_timer aes xsave avx f16c rdrand hypervisor lahf_lm abm 3dnowprefetch cpuid_fault invpcid_single pti ibrs ibpb stibp fsgsbase tsc_adjust bmi1 avx2 smep bmi2 invpcid mpx rdseed adx smap clflushopt xsaveopt xsavec xsaves arat
bugs		: cpu_meltdown spectre_v1 spectre_v2 spec_store_bypass l1tf
bogomips	: 5424.00
clflush size	: 64
cache_alignment	: 64
address sizes	: 43 bits physical, 48 bits virtual
power management:

processor	: 1
vendor_id	: GenuineIntel
cpu family	: 6
model		: 142
model name	: Intel(R) Core(TM) i5-7200U CPU @ 2.50GHz
stepping	: 9
microcode	: 0x84
cpu MHz		: 2712.001
cache size	: 3072 KB
physical id	: 2
siblings	: 1
core id		: 0
cpu cores	: 1
apicid		: 2
initial apicid	: 2
fpu		: yes
fpu_exception	: yes
cpuid level	: 22
wp		: yes
flags		: fpu vme de pse tsc msr pae mce cx8 apic sep mtrr pge mca cmov pat pse36 clflush mmx fxsr sse sse2 ss syscall nx pdpe1gb rdtscp lm constant_tsc arch_perfmon nopl xtopology tsc_reliable nonstop_tsc cpuid pni pclmulqdq ssse3 fma cx16 pcid sse4_1 sse4_2 x2apic movbe popcnt tsc_deadline_timer aes xsave avx f16c rdrand hypervisor lahf_lm abm 3dnowprefetch cpuid_fault invpcid_single pti ibrs ibpb stibp fsgsbase tsc_adjust bmi1 avx2 smep bmi2 invpcid mpx rdseed adx smap clflushopt xsaveopt xsavec xsaves arat
bugs		: cpu_meltdown spectre_v1 spectre_v2 spec_store_bypass l1tf
bogomips	: 5424.00
clflush size	: 64
cache_alignment	: 64
address sizes	: 43 bits physical, 48 bits virtual
power management:

processor	: 2
vendor_id	: GenuineIntel
cpu family	: 6
model		: 142
model name	: Intel(R) Core(TM) i5-7200U CPU @ 2.50GHz
stepping	: 9
microcode	: 0x84
cpu MHz		: 2712.001
cache size	: 3072 KB
physical id	: 4
siblings	: 1
core id		: 0
cpu cores	: 1
apicid		: 4
initial apicid	: 4
fpu		: yes
fpu_exception	: yes
cpuid level	: 22
wp		: yes
flags		: fpu vme de pse tsc msr pae mce cx8 apic sep mtrr pge mca cmov pat pse36 clflush mmx fxsr sse sse2 ss syscall nx pdpe1gb rdtscp lm constant_tsc arch_perfmon nopl xtopology tsc_reliable nonstop_tsc cpuid pni pclmulqdq ssse3 fma cx16 pcid sse4_1 sse4_2 x2apic movbe popcnt tsc_deadline_timer aes xsave avx f16c rdrand hypervisor lahf_lm abm 3dnowprefetch cpuid_fault invpcid_single pti ibrs ibpb stibp fsgsbase tsc_adjust bmi1 avx2 smep bmi2 invpcid mpx rdseed adx smap clflushopt xsaveopt xsavec xsaves arat
bugs		: cpu_meltdown spectre_v1 spectre_v2 spec_store_bypass l1tf
bogomips	: 5424.00
clflush size	: 64
cache_alignment	: 64
address sizes	: 43 bits physical, 48 bits virtual
power management:

processor	: 3
vendor_id	: GenuineIntel
cpu family	: 6
model		: 142
model name	: Intel(R) Core(TM) i5-7200U CPU @ 2.50GHz
stepping	: 9
microcode	: 0x84
cpu MHz		: 2712.001
cache size	: 3072 KB
physical id	: 6
siblings	: 1
core id		: 0
cpu cores	: 1
apicid		: 6
initial apicid	: 6
fpu		: yes
fpu_exception	: yes
cpuid level	: 22
wp		: yes
flags		: fpu vme de pse tsc msr pae mce cx8 apic sep mtrr pge mca cmov pat pse36 clflush mmx fxsr sse sse2 ss syscall nx pdpe1gb rdtscp lm constant_tsc arch_perfmon nopl xtopology tsc_reliable nonstop_tsc cpuid pni pclmulqdq ssse3 fma cx16 pcid sse4_1 sse4_2 x2apic movbe popcnt tsc_deadline_timer aes xsave avx f16c rdrand hypervisor lahf_lm abm 3dnowprefetch cpuid_fault invpcid_single pti ibrs ibpb stibp fsgsbase tsc_adjust bmi1 avx2 smep bmi2 invpcid mpx rdseed adx smap clflushopt xsaveopt xsavec xsaves arat
bugs		: cpu_meltdown spectre_v1 spectre_v2 spec_store_bypass l1tf
bogomips	: 5424.00
clflush size	: 64
cache_alignment	: 64
address sizes	: 43 bits physical, 48 bits virtual
power management:



Memory: 4k page, physical 4015664k(88176k free), swap 998396k(0k free)

vm_info: Java HotSpot(TM) 64-Bit Server VM (25.201-b09) for linux-amd64 JRE (1.8.0_201-b09), built on Dec 15 2018 11:35:59 by "java_re" with gcc 7.3.0

time: Sat May  4 16:22:13 2019
timezone: CST
elapsed time: 0 seconds (0d 0h 0m 0s)

