#
# There is insufficient memory for the Java Runtime Environment to continue.
# Native memory allocation (mmap) failed to map 142606336 bytes for committing reserved memory.
# Possible reasons:
#   The system is out of physical RAM or swap space
#   The process is running with CompressedOops enabled, and the Java Heap may be blocking the growth of the native heap
# Possible solutions:
#   Reduce memory load on the system
#   Increase physical memory or swap space
#   Check if swap backing store is full
#   Decrease Java heap size (-Xmx/-Xms)
#   Decrease number of Java threads
#   Decrease Java thread stack sizes (-Xss)
#   Set larger code cache with -XX:ReservedCodeCacheSize=
#   JVM is running with Unscaled Compressed Oops mode in which the Java heap is
#     placed in the first 4GB address space. The Java Heap base address is the
#     maximum limit for the native heap growth. Please use -XX:HeapBaseMinAddress
#     to set the Java Heap base and to place the Java Heap above 4GB virtual address.
# This output file may be truncated or incomplete.
#
#  Out of Memory Error (os_linux.cpp:2749), pid=22657, tid=0x00007f0155e4c700
#
# JRE version: Java(TM) SE Runtime Environment (8.0_201-b09) (build 1.8.0_201-b09)
# Java VM: Java HotSpot(TM) 64-Bit Server VM (25.201-b09 mixed mode linux-amd64 compressed oops)
# Failed to write core dump. Core dumps have been disabled. To enable core dumping, try "ulimit -c unlimited" before starting Java again
#

---------------  T H R E A D  ---------------

Current thread (0x00007f016c079800):  VMThread [stack: 0x00007f0155d4d000,0x00007f0155e4d000] [id=22679]

Stack: [0x00007f0155d4d000,0x00007f0155e4d000],  sp=0x00007f0155e4b3c0,  free space=1016k
Native frames: (J=compiled Java code, j=interpreted, Vv=VM code, C=native code)
V  [libjvm.so+0xad3525]  VMError::report_and_die()+0x2e5
V  [libjvm.so+0x4e0457]  report_vm_out_of_memory(char const*, int, unsigned long, VMErrorType, char const*)+0x67
V  [libjvm.so+0x9102f0]  os::pd_commit_memory(char*, unsigned long, unsigned long, bool)+0x100
V  [libjvm.so+0x90791f]  os::commit_memory(char*, unsigned long, unsigned long, bool)+0x1f
V  [libjvm.so+0x98c806]  PSVirtualSpace::expand_by(unsigned long)+0x56
V  [libjvm.so+0x98da98]  PSYoungGen::resize(unsigned long, unsigned long)+0xd8
V  [libjvm.so+0x98a236]  PSScavenge::invoke_no_policy()+0x1376
V  [libjvm.so+0x982c59]  PSParallelCompact::invoke(bool)+0x49
V  [libjvm.so+0x45cb73]  CollectedHeap::collect_as_vm_thread(GCCause::Cause)+0x153
V  [libjvm.so+0xad45b1]  VM_CollectForMetadataAllocation::doit()+0x161
V  [libjvm.so+0xada296]  VM_Operation::evaluate()+0x46
V  [libjvm.so+0xad85cd]  VMThread::evaluate_operation(VM_Operation*) [clone .constprop.44]+0xcd
V  [libjvm.so+0xad8bb3]  VMThread::loop()+0x3a3
V  [libjvm.so+0xad8f88]  VMThread::run()+0x78
V  [libjvm.so+0x90d922]  java_start(Thread*)+0x102

VM_Operation (0x00007f0174520830): CollectForMetadataAllocation, mode: safepoint, requested by thread 0x00007f016c00b800


---------------  P R O C E S S  ---------------

Java Threads: ( => current thread )
  0x00007f016c0ca800 JavaThread "Service Thread" daemon [_thread_blocked, id=22686, stack(0x00007f0154c76000,0x00007f0154d77000)]
  0x00007f016c0bf000 JavaThread "C1 CompilerThread2" daemon [_thread_blocked, id=22685, stack(0x00007f0154d78000,0x00007f0154e78000)]
  0x00007f016c0bd800 JavaThread "C2 CompilerThread1" daemon [_thread_blocked, id=22684, stack(0x00007f0154e79000,0x00007f0154f79000)]
  0x00007f016c0ba800 JavaThread "C2 CompilerThread0" daemon [_thread_blocked, id=22683, stack(0x00007f0154f7a000,0x00007f015507a000)]
  0x00007f016c0b9000 JavaThread "Signal Dispatcher" daemon [_thread_blocked, id=22682, stack(0x00007f015507a000,0x00007f015517b000)]
  0x00007f016c085800 JavaThread "Finalizer" daemon [_thread_blocked, id=22681, stack(0x00007f0155b4a000,0x00007f0155c4b000)]
  0x00007f016c083000 JavaThread "Reference Handler" daemon [_thread_blocked, id=22680, stack(0x00007f0155c4b000,0x00007f0155d4c000)]
  0x00007f016c00b800 JavaThread "main" [_thread_blocked, id=22674, stack(0x00007f0174425000,0x00007f0174525000)]

Other Threads:
=>0x00007f016c079800 VMThread [stack: 0x00007f0155d4d000,0x00007f0155e4d000] [id=22679]
  0x00007f016c0cd000 WatcherThread [stack: 0x00007f0154b76000,0x00007f0154c76000] [id=22687]

VM state:at safepoint (normal execution)

VM Mutex/Monitor currently owned by a thread:  ([mutex/lock_event])
[0x00007f016c007e00] Threads_lock - owner thread: 0x00007f016c079800
[0x00007f016c008300] Heap_lock - owner thread: 0x00007f016c00b800
[0x00007f016c008880] MethodData_lock - owner thread: 0x00007f016c00b800

heap address: 0x00000000c2a00000, size: 982 MB, Compressed Oops mode: 32-bit
Narrow klass base: 0x0000000000000000, Narrow klass shift: 3
Compressed class space size: 1073741824 Address: 0x0000000100000000

Heap:
 PSYoungGen      total 135680K, used 8694K [0x00000000eb900000, 0x00000000f4600000, 0x0000000100000000)
  eden space 126976K, 0% used [0x00000000eb900000,0x00000000eb900000,0x00000000f3500000)
  from space 8704K, 99% used [0x00000000f3500000,0x00000000f3d7db60,0x00000000f3d80000)
  to   space 8704K, 0% used [0x00000000f3d80000,0x00000000f3d80000,0x00000000f4600000)
 ParOldGen       total 42496K, used 22700K [0x00000000c2a00000, 0x00000000c5380000, 0x00000000eb900000)
  object space 42496K, 53% used [0x00000000c2a00000,0x00000000c402b1c8,0x00000000c5380000)
 Metaspace       used 20778K, capacity 21178K, committed 21296K, reserved 1069056K
  class space    used 2499K, capacity 2645K, committed 2688K, reserved 1048576K

Card table byte_map: [0x00007f0170f12000,0x00007f01710fe000] byte_map_base: 0x00007f01708fd000

Marking Bits: (ParMarkBitMap*) 0x00007f01738cbd80
 Begin Bits: [0x00007f0156150000, 0x00007f01570a8000)
 End Bits:   [0x00007f01570a8000, 0x00007f0158000000)

Polling page: 0x00007f017453b000

CodeCache: size=245760Kb used=11403Kb max_used=11403Kb free=234356Kb
 bounds [0x00007f015d000000, 0x00007f015db30000, 0x00007f016c000000]
 total_blobs=3764 nmethods=3383 adapters=294
 compilation: enabled

Compilation events (10 events):
Event: 7.876 Thread 0x00007f016c0bf000 nmethod 3407 0x00007f015db29c90 code [0x00007f015db29e40, 0x00007f015db2a508]
Event: 7.876 Thread 0x00007f016c0bf000 3402       3       com.sun.tools.javac.code.Symbol::flatName (5 bytes)
Event: 7.876 Thread 0x00007f016c0bf000 nmethod 3402 0x00007f015db21350 code [0x00007f015db214c0, 0x00007f015db216c8]
Event: 7.876 Thread 0x00007f016c0bf000 3405       3       com.sun.tools.javac.file.ZipFileIndexArchive$ZipFileIndexFileObject::getKind (11 bytes)
Event: 7.878 Thread 0x00007f016c0bf000 nmethod 3405 0x00007f015db2a710 code [0x00007f015db2a960, 0x00007f015db2b6f8]
Event: 7.878 Thread 0x00007f016c0bf000 3400       3       com.sun.tools.javac.file.RelativePath$RelativeFile::basename (21 bytes)
Event: 7.878 Thread 0x00007f016c0bf000 nmethod 3400 0x00007f015db2c050 code [0x00007f015db2c1e0, 0x00007f015db2c598]
Event: 7.878 Thread 0x00007f016c0bf000 3401       3       com.sun.tools.javac.file.ZipFileIndex$DirectoryEntry::access$100 (6 bytes)
Event: 7.878 Thread 0x00007f016c0bf000 nmethod 3401 0x00007f015db2c710 code [0x00007f015db2c880, 0x00007f015db2c9e8]
Event: 7.878 Thread 0x00007f016c0bf000 3406       3       com.sun.tools.javac.file.ZipFileIndexArchive$ZipFileIndexFileObject::inferBinaryName (58 bytes)

GC Heap History (10 events):
Event: 1.552 GC heap after
Heap after GC invocations=2 (full 0):
 PSYoungGen      total 34304K, used 2551K [0x00000000eb900000, 0x00000000edd00000, 0x0000000100000000)
  eden space 31744K, 0% used [0x00000000eb900000,0x00000000eb900000,0x00000000ed800000)
  from space 2560K, 99% used [0x00000000eda80000,0x00000000edcfdf98,0x00000000edd00000)
  to   space 2560K, 0% used [0x00000000ed800000,0x00000000ed800000,0x00000000eda80000)
 ParOldGen       total 42496K, used 1182K [0x00000000c2a00000, 0x00000000c5380000, 0x00000000eb900000)
  object space 42496K, 2% used [0x00000000c2a00000,0x00000000c2b27a38,0x00000000c5380000)
 Metaspace       used 7958K, capacity 8092K, committed 8192K, reserved 1056768K
  class space    used 975K, capacity 1016K, committed 1024K, reserved 1048576K
}
Event: 2.612 GC heap before
{Heap before GC invocations=3 (full 0):
 PSYoungGen      total 34304K, used 34295K [0x00000000eb900000, 0x00000000edd00000, 0x0000000100000000)
  eden space 31744K, 100% used [0x00000000eb900000,0x00000000ed800000,0x00000000ed800000)
  from space 2560K, 99% used [0x00000000eda80000,0x00000000edcfdf98,0x00000000edd00000)
  to   space 2560K, 0% used [0x00000000ed800000,0x00000000ed800000,0x00000000eda80000)
 ParOldGen       total 42496K, used 1182K [0x00000000c2a00000, 0x00000000c5380000, 0x00000000eb900000)
  object space 42496K, 2% used [0x00000000c2a00000,0x00000000c2b27a38,0x00000000c5380000)
 Metaspace       used 11665K, capacity 11790K, committed 12160K, reserved 1060864K
  class space    used 1449K, capacity 1541K, committed 1664K, reserved 1048576K
Event: 2.621 GC heap after
Heap after GC invocations=3 (full 0):
 PSYoungGen      total 34304K, used 2547K [0x00000000eb900000, 0x00000000efc00000, 0x0000000100000000)
  eden space 31744K, 0% used [0x00000000eb900000,0x00000000eb900000,0x00000000ed800000)
  from space 2560K, 99% used [0x00000000ed800000,0x00000000eda7ce30,0x00000000eda80000)
  to   space 2560K, 0% used [0x00000000ef980000,0x00000000ef980000,0x00000000efc00000)
 ParOldGen       total 42496K, used 5482K [0x00000000c2a00000, 0x00000000c5380000, 0x00000000eb900000)
  object space 42496K, 12% used [0x00000000c2a00000,0x00000000c2f5a9b0,0x00000000c5380000)
 Metaspace       used 11665K, capacity 11790K, committed 12160K, reserved 1060864K
  class space    used 1449K, capacity 1541K, committed 1664K, reserved 1048576K
}
Event: 4.154 GC heap before
{Heap before GC invocations=4 (full 0):
 PSYoungGen      total 34304K, used 34291K [0x00000000eb900000, 0x00000000efc00000, 0x0000000100000000)
  eden space 31744K, 100% used [0x00000000eb900000,0x00000000ed800000,0x00000000ed800000)
  from space 2560K, 99% used [0x00000000ed800000,0x00000000eda7ce30,0x00000000eda80000)
  to   space 2560K, 0% used [0x00000000ef980000,0x00000000ef980000,0x00000000efc00000)
 ParOldGen       total 42496K, used 5482K [0x00000000c2a00000, 0x00000000c5380000, 0x00000000eb900000)
  object space 42496K, 12% used [0x00000000c2a00000,0x00000000c2f5a9b0,0x00000000c5380000)
 Metaspace       used 14876K, capacity 15106K, committed 15232K, reserved 1062912K
  class space    used 1826K, capacity 1907K, committed 1920K, reserved 1048576K
Event: 4.167 GC heap after
Heap after GC invocations=4 (full 0):
 PSYoungGen      total 66048K, used 2544K [0x00000000eb900000, 0x00000000efc00000, 0x0000000100000000)
  eden space 63488K, 0% used [0x00000000eb900000,0x00000000eb900000,0x00000000ef700000)
  from space 2560K, 99% used [0x00000000ef980000,0x00000000efbfc050,0x00000000efc00000)
  to   space 2560K, 0% used [0x00000000ef700000,0x00000000ef700000,0x00000000ef980000)
 ParOldGen       total 42496K, used 10019K [0x00000000c2a00000, 0x00000000c5380000, 0x00000000eb900000)
  object space 42496K, 23% used [0x00000000c2a00000,0x00000000c33c8e50,0x00000000c5380000)
 Metaspace       used 14876K, capacity 15106K, committed 15232K, reserved 1062912K
  class space    used 1826K, capacity 1907K, committed 1920K, reserved 1048576K
}
Event: 5.327 GC heap before
{Heap before GC invocations=5 (full 0):
 PSYoungGen      total 66048K, used 66032K [0x00000000eb900000, 0x00000000efc00000, 0x0000000100000000)
  eden space 63488K, 100% used [0x00000000eb900000,0x00000000ef700000,0x00000000ef700000)
  from space 2560K, 99% used [0x00000000ef980000,0x00000000efbfc050,0x00000000efc00000)
  to   space 2560K, 0% used [0x00000000ef700000,0x00000000ef700000,0x00000000ef980000)
 ParOldGen       total 42496K, used 10019K [0x00000000c2a00000, 0x00000000c5380000, 0x00000000eb900000)
  object space 42496K, 23% used [0x00000000c2a00000,0x00000000c33c8e50,0x00000000c5380000)
 Metaspace       used 15332K, capacity 15582K, committed 15872K, reserved 1062912K
  class space    used 1836K, capacity 1949K, committed 2048K, reserved 1048576K
Event: 5.340 GC heap after
Heap after GC invocations=5 (full 0):
 PSYoungGen      total 66048K, used 2544K [0x00000000eb900000, 0x00000000f4600000, 0x0000000100000000)
  eden space 63488K, 0% used [0x00000000eb900000,0x00000000eb900000,0x00000000ef700000)
  from space 2560K, 99% used [0x00000000ef700000,0x00000000ef97c030,0x00000000ef980000)
  to   space 8704K, 0% used [0x00000000f3d80000,0x00000000f3d80000,0x00000000f4600000)
 ParOldGen       total 42496K, used 13291K [0x00000000c2a00000, 0x00000000c5380000, 0x00000000eb900000)
  object space 42496K, 31% used [0x00000000c2a00000,0x00000000c36fae50,0x00000000c5380000)
 Metaspace       used 15332K, capacity 15582K, committed 15872K, reserved 1062912K
  class space    used 1836K, capacity 1949K, committed 2048K, reserved 1048576K
}
Event: 6.737 GC heap before
{Heap before GC invocations=6 (full 0):
 PSYoungGen      total 66048K, used 66032K [0x00000000eb900000, 0x00000000f4600000, 0x0000000100000000)
  eden space 63488K, 100% used [0x00000000eb900000,0x00000000ef700000,0x00000000ef700000)
  from space 2560K, 99% used [0x00000000ef700000,0x00000000ef97c030,0x00000000ef980000)
  to   space 8704K, 0% used [0x00000000f3d80000,0x00000000f3d80000,0x00000000f4600000)
 ParOldGen       total 42496K, used 13291K [0x00000000c2a00000, 0x00000000c5380000, 0x00000000eb900000)
  object space 42496K, 31% used [0x00000000c2a00000,0x00000000c36fae50,0x00000000c5380000)
 Metaspace       used 17747K, capacity 18170K, committed 18432K, reserved 1064960K
  class space    used 2115K, capacity 2261K, committed 2304K, reserved 1048576K
Event: 6.757 GC heap after
Heap after GC invocations=6 (full 0):
 PSYoungGen      total 135680K, used 6509K [0x00000000eb900000, 0x00000000f4600000, 0x0000000100000000)
  eden space 126976K, 0% used [0x00000000eb900000,0x00000000eb900000,0x00000000f3500000)
  from space 8704K, 74% used [0x00000000f3d80000,0x00000000f43db678,0x00000000f4600000)
  to   space 8704K, 0% used [0x00000000f3500000,0x00000000f3500000,0x00000000f3d80000)
 ParOldGen       total 42496K, used 13299K [0x00000000c2a00000, 0x00000000c5380000, 0x00000000eb900000)
  object space 42496K, 31% used [0x00000000c2a00000,0x00000000c36fce50,0x00000000c5380000)
 Metaspace       used 17747K, capacity 18170K, committed 18432K, reserved 1064960K
  class space    used 2115K, capacity 2261K, committed 2304K, reserved 1048576K
}
Event: 7.898 GC heap before
{Heap before GC invocations=7 (full 0):
 PSYoungGen      total 135680K, used 60056K [0x00000000eb900000, 0x00000000f4600000, 0x0000000100000000)
  eden space 126976K, 42% used [0x00000000eb900000,0x00000000eed4aa38,0x00000000f3500000)
  from space 8704K, 74% used [0x00000000f3d80000,0x00000000f43db678,0x00000000f4600000)
  to   space 8704K, 0% used [0x00000000f3500000,0x00000000f3500000,0x00000000f3d80000)
 ParOldGen       total 42496K, used 13299K [0x00000000c2a00000, 0x00000000c5380000, 0x00000000eb900000)
  object space 42496K, 31% used [0x00000000c2a00000,0x00000000c36fce50,0x00000000c5380000)
 Metaspace       used 20778K, capacity 21178K, committed 21296K, reserved 1069056K
  class space    used 2499K, capacity 2645K, committed 2688K, reserved 1048576K

Deoptimization events (10 events):
Event: 7.512 Thread 0x00007f016c00b800 Uncommon trap: reason=unstable_if action=reinterpret pc=0x00007f015d2d3574 method=java.nio.charset.CharsetDecoder.decode(Ljava/nio/ByteBuffer;Ljava/nio/CharBuffer;Z)Ljava/nio/charset/CoderResult; @ 1
Event: 7.543 Thread 0x00007f016c00b800 Uncommon trap: reason=unstable_if action=reinterpret pc=0x00007f015d83d594 method=java.lang.CharacterData.of(I)Ljava/lang/CharacterData; @ 4
Event: 7.647 Thread 0x00007f016c00b800 Uncommon trap: reason=class_check action=maybe_recompile pc=0x00007f015da4aab8 method=java.lang.StringCoding$StringEncoder.encode([CII)[B @ 30
Event: 7.797 Thread 0x00007f016c00b800 Uncommon trap: reason=predicate action=maybe_recompile pc=0x00007f015daf6a4c method=java.util.ComparableTimSort.binarySort([Ljava/lang/Object;III)V @ 37
Event: 7.797 Thread 0x00007f016c00b800 Uncommon trap: reason=array_check action=maybe_recompile pc=0x00007f015daf4290 method=java.util.ComparableTimSort.binarySort([Ljava/lang/Object;III)V @ 215
Event: 7.798 Thread 0x00007f016c00b800 Uncommon trap: reason=array_check action=maybe_recompile pc=0x00007f015daee64c method=java.util.ComparableTimSort.binarySort([Ljava/lang/Object;III)V @ 215
Event: 7.800 Thread 0x00007f016c00b800 Uncommon trap: reason=array_check action=maybe_recompile pc=0x00007f015daf4290 method=java.util.ComparableTimSort.binarySort([Ljava/lang/Object;III)V @ 215
Event: 7.801 Thread 0x00007f016c00b800 Uncommon trap: reason=array_check action=maybe_recompile pc=0x00007f015daf4290 method=java.util.ComparableTimSort.binarySort([Ljava/lang/Object;III)V @ 215
Event: 7.812 Thread 0x00007f016c00b800 Uncommon trap: reason=array_check action=maybe_recompile pc=0x00007f015daec838 method=java.util.ComparableTimSort.binarySort([Ljava/lang/Object;III)V @ 193
Event: 7.812 Thread 0x00007f016c00b800 Uncommon trap: reason=array_check action=maybe_recompile pc=0x00007f015daec838 method=java.util.ComparableTimSort.binarySort([Ljava/lang/Object;III)V @ 193

Classes redefined (0 events):
No events

Internal exceptions (10 events):
Event: 7.391 Thread 0x00007f016c00b800 Exception <a 'java/security/PrivilegedActionException'> (0x00000000ed4d67b8) thrown at [/HUDSON/workspace/8-2-build-linux-amd64/jdk8u201/12317/hotspot/src/share/vm/prims/jvm.cpp, line 1502]
Event: 7.391 Thread 0x00007f016c00b800 Exception <a 'java/security/PrivilegedActionException'> (0x00000000ed4d6bb0) thrown at [/HUDSON/workspace/8-2-build-linux-amd64/jdk8u201/12317/hotspot/src/share/vm/prims/jvm.cpp, line 1502]
Event: 7.391 Thread 0x00007f016c00b800 Exception <a 'java/security/PrivilegedActionException'> (0x00000000ed4d7bf0) thrown at [/HUDSON/workspace/8-2-build-linux-amd64/jdk8u201/12317/hotspot/src/share/vm/prims/jvm.cpp, line 1502]
Event: 7.391 Thread 0x00007f016c00b800 Exception <a 'java/security/PrivilegedActionException'> (0x00000000ed4d7fe8) thrown at [/HUDSON/workspace/8-2-build-linux-amd64/jdk8u201/12317/hotspot/src/share/vm/prims/jvm.cpp, line 1502]
Event: 7.716 Thread 0x00007f016c00b800 Exception <a 'java/io/FileNotFoundException'> (0x00000000edb835c8) thrown at [/HUDSON/workspace/8-2-build-linux-amd64/jdk8u201/12317/hotspot/src/share/vm/prims/jni.cpp, line 709]
Event: 7.726 Thread 0x00007f016c00b800 Exception <a 'java/io/FileNotFoundException'> (0x00000000edbb8100) thrown at [/HUDSON/workspace/8-2-build-linux-amd64/jdk8u201/12317/hotspot/src/share/vm/prims/jni.cpp, line 709]
Event: 7.771 Thread 0x00007f016c00b800 Exception <a 'java/io/FileNotFoundException'> (0x00000000ee2776f8) thrown at [/HUDSON/workspace/8-2-build-linux-amd64/jdk8u201/12317/hotspot/src/share/vm/prims/jni.cpp, line 709]
Event: 7.771 Thread 0x00007f016c00b800 Exception <a 'java/io/FileNotFoundException'> (0x00000000ee278258) thrown at [/HUDSON/workspace/8-2-build-linux-amd64/jdk8u201/12317/hotspot/src/share/vm/prims/jni.cpp, line 709]
Event: 7.771 Thread 0x00007f016c00b800 Exception <a 'java/io/FileNotFoundException'> (0x00000000ee278df0) thrown at [/HUDSON/workspace/8-2-build-linux-amd64/jdk8u201/12317/hotspot/src/share/vm/prims/jni.cpp, line 709]
Event: 7.771 Thread 0x00007f016c00b800 Exception <a 'java/io/FileNotFoundException'> (0x00000000ee279988) thrown at [/HUDSON/workspace/8-2-build-linux-amd64/jdk8u201/12317/hotspot/src/share/vm/prims/jni.cpp, line 709]

Events (10 events):
Event: 7.850 loading class com/sun/tools/javac/util/JCDiagnostic$DiagnosticType done
Event: 7.861 loading class com/sun/tools/javac/jvm/ClassReader$SourceFileObject
Event: 7.861 loading class com/sun/tools/javac/jvm/ClassReader$SourceFileObject done
Event: 7.862 loading class com/sun/tools/javac/jvm/ClassReader$AnnotationCompleter
Event: 7.862 loading class com/sun/tools/javac/jvm/ClassReader$AnnotationCompleter done
Event: 7.863 loading class com/sun/tools/javac/jvm/ClassReader$AnnotationDeproxy
Event: 7.863 loading class com/sun/tools/javac/jvm/ClassReader$AnnotationDeproxy done
Event: 7.864 loading class com/sun/tools/javac/jvm/ClassReader$ProxyVisitor
Event: 7.864 loading class com/sun/tools/javac/jvm/ClassReader$ProxyVisitor done
Event: 7.878 Executing VM operation: CollectForMetadataAllocation


Dynamic libraries:
00400000-00401000 r-xp 00000000 08:01 805876                             /usr/local/jdk1.8.0_201/bin/java
00600000-00601000 r--p 00000000 08:01 805876                             /usr/local/jdk1.8.0_201/bin/java
00601000-00602000 rw-p 00001000 08:01 805876                             /usr/local/jdk1.8.0_201/bin/java
00bbd000-00bde000 rw-p 00000000 00:00 0                                  [heap]
c2a00000-c5380000 rw-p 00000000 00:00 0 
c5380000-eb900000 ---p 00000000 00:00 0 
eb900000-f4600000 rw-p 00000000 00:00 0 
fce00000-100000000 ---p 00000000 00:00 0 
100000000-1002a0000 rw-p 00000000 00:00 0 
1002a0000-140000000 ---p 00000000 00:00 0 
7f011c000000-7f011c021000 rw-p 00000000 00:00 0 
7f011c021000-7f0120000000 ---p 00000000 00:00 0 
7f0124000000-7f0124bd1000 rw-p 00000000 00:00 0 
7f0124bd1000-7f0128000000 ---p 00000000 00:00 0 
7f0128000000-7f0128021000 rw-p 00000000 00:00 0 
7f0128021000-7f012c000000 ---p 00000000 00:00 0 
7f012c000000-7f012d55a000 rw-p 00000000 00:00 0 
7f012d55a000-7f0130000000 ---p 00000000 00:00 0 
7f0130000000-7f0131b13000 rw-p 00000000 00:00 0 
7f0131b13000-7f0134000000 ---p 00000000 00:00 0 
7f0134000000-7f0134021000 rw-p 00000000 00:00 0 
7f0134021000-7f0138000000 ---p 00000000 00:00 0 
7f0138000000-7f0138021000 rw-p 00000000 00:00 0 
7f0138021000-7f013c000000 ---p 00000000 00:00 0 
7f013c000000-7f013c2fb000 rw-p 00000000 00:00 0 
7f013c2fb000-7f0140000000 ---p 00000000 00:00 0 
7f0140000000-7f0140021000 rw-p 00000000 00:00 0 
7f0140021000-7f0144000000 ---p 00000000 00:00 0 
7f0144000000-7f0144021000 rw-p 00000000 00:00 0 
7f0144021000-7f0148000000 ---p 00000000 00:00 0 
7f0148000000-7f0148021000 rw-p 00000000 00:00 0 
7f0148021000-7f014c000000 ---p 00000000 00:00 0 
7f014f1a4000-7f014f1d0000 rw-p 00000000 00:00 0 
7f014f1d0000-7f014f3a4000 ---p 00000000 00:00 0 
7f014f3a4000-7f014f41d000 r--s 010fd000 08:01 805983                     /usr/local/jdk1.8.0_201/lib/tools.jar
7f014f4ea000-7f014f4f2000 r--s 0007b000 08:01 394167                     /home/hadoop/.m2/repository/com/google/protobuf/protobuf-java/2.5.0/protobuf-java-2.5.0.jar
7f014f4f2000-7f014f4f4000 r--s 000f2000 08:01 940499                     /home/hadoop/.m2/repository/org/xerial/snappy/snappy-java/1.0.4.1/snappy-java-1.0.4.1.jar
7f014f4f4000-7f014f4f6000 r--s 00006000 08:01 670907                     /home/hadoop/.m2/repository/com/thoughtworks/paranamer/paranamer/2.3/paranamer-2.3.jar
7f014f4f6000-7f014f4fd000 r--s 00044000 08:01 394162                     /home/hadoop/.m2/repository/org/apache/avro/avro/1.7.4/avro-1.7.4.jar
7f014f4fd000-7f014f50b000 r--s 000b1000 08:01 1191331                    /home/hadoop/.m2/repository/org/codehaus/jackson/jackson-mapper-asl/1.9.13/jackson-mapper-asl-1.9.13.jar
7f014f50b000-7f014f50f000 r--s 00035000 08:01 1191329                    /home/hadoop/.m2/repository/org/codehaus/jackson/jackson-core-asl/1.9.13/jackson-core-asl-1.9.13.jar
7f014f50f000-7f014f511000 r--s 00001000 08:01 940496                     /home/hadoop/.m2/repository/org/slf4j/slf4j-log4j12/1.7.10/slf4j-log4j12-1.7.10.jar
7f014f511000-7f014f512000 r--s 00007000 08:01 802735                     /home/hadoop/.m2/repository/org/slf4j/slf4j-api/1.7.10/slf4j-api-1.7.10.jar
7f014f512000-7f014f516000 r--s 0002f000 08:01 394163                     /home/hadoop/.m2/repository/commons-beanutils/commons-beanutils-core/1.8.0/commons-beanutils-core-1.8.0.jar
7f014f516000-7f014f51b000 r--s 0002a000 08:01 394161                     /home/hadoop/.m2/repository/commons-beanutils/commons-beanutils/1.7.0/commons-beanutils-1.7.0.jar
7f014f51b000-7f014f51f000 r--s 00020000 08:01 394159                     /home/hadoop/.m2/repository/commons-digester/commons-digester/1.8/commons-digester-1.8.jar
7f014f51f000-7f014f525000 r--s 00043000 08:01 394157                     /home/hadoop/.m2/repository/commons-configuration/commons-configuration/1.6/commons-configuration-1.6.jar
7f014f525000-7f014f52a000 r--s 00041000 08:01 394150                     /home/hadoop/.m2/repository/commons-lang/commons-lang/2.6/commons-lang-2.6.jar
7f014f52a000-7f014f52b000 r--s 00004000 08:01 394147                     /home/hadoop/.m2/repository/com/jamesmurty/utils/java-xmlbuilder/0.4/java-xmlbuilder-0.4.jar
7f014f52b000-7f014f530000 r--s 00028000 08:01 394145                     /home/hadoop/.m2/repository/org/apache/httpcomponents/httpcore/4.1.2/httpcore-4.1.2.jar
7f014f530000-7f014f538000 r--s 0004e000 08:01 394143                     /home/hadoop/.m2/repository/org/apache/httpcomponents/httpclient/4.1.2/httpclient-4.1.2.jar
7f014f538000-7f014f541000 r--s 0007b000 08:01 394141                     /home/hadoop/.m2/repository/net/java/dev/jets3t/jets3t/0.9.0/jets3t-0.9.0.jar
7f014f541000-7f014f54a000 r--s 0006f000 08:01 394139                     /home/hadoop/.m2/repository/log4j/log4j/1.2.17/log4j-1.2.17.jar
7f014f54a000-7f014f54c000 r--s 0000e000 08:01 802733                     /home/hadoop/.m2/repository/commons-logging/commons-logging/1.1.3/commons-logging-1.1.3.jar
7f014f54c000-7f014f54d000 r--s 0000a000 08:01 802731                     /home/hadoop/.m2/repository/asm/asm/3.1/asm-3.1.jar
7f014f54d000-7f014f55f000 r--s 0009d000 08:01 1191327                    /home/hadoop/.m2/repository/com/sun/jersey/jersey-server/1.9/jersey-server-1.9.jar
7f014f55f000-7f014f560000 r--s 00007000 08:01 394137                     /home/hadoop/.m2/repository/org/codehaus/jackson/jackson-xc/1.8.3/jackson-xc-1.8.3.jar
7f014f560000-7f014f562000 r--s 0000e000 08:01 1191325                    /home/hadoop/.m2/repository/javax/activation/activation/1.1/activation-1.1.jar
7f014f562000-7f014f564000 r--s 00004000 08:01 1191323                    /home/hadoop/.m2/repository/javax/xml/stream/stax-api/1.0-2/stax-api-1.0-2.jar
7f014f564000-7f014f567000 r--s 00017000 08:01 1191321                    /home/hadoop/.m2/repository/javax/xml/bind/jaxb-api/2.2.2/jaxb-api-2.2.2.jar
7f014f567000-7f014f57a000 r--s 000c7000 08:01 802729                     /home/hadoop/.m2/repository/com/sun/xml/bind/jaxb-impl/2.2.3-1/jaxb-impl-2.2.3-1.jar
7f014f57a000-7f014f57e000 r--s 00021000 08:01 1191317                    /home/hadoop/.m2/repository/com/sun/jersey/jersey-json/1.9/jersey-json-1.9.jar
7f014f57e000-7f014f588000 r--s 00066000 08:01 1191315                    /home/hadoop/.m2/repository/com/sun/jersey/jersey-core/1.9/jersey-core-1.9.jar
7f014f588000-7f014f58c000 r--s 00028000 08:01 802727                     /home/hadoop/.m2/repository/org/mortbay/jetty/jetty-util/6.1.26/jetty-util-6.1.26.jar
7f014f63b000-7f014f63d000 r--s 00008000 08:01 946123                     /home/hadoop/.m2/repository/org/apache/hadoop/hadoop-mapreduce-client-jobclient/2.7.1/hadoop-mapreduce-client-jobclient-2.7.1.jar
7f014f63d000-7f014f640000 r--s 0001d000 08:01 1191339                    /home/hadoop/.m2/repository/com/sun/jersey/jersey-client/1.9/jersey-client-1.9.jar
7f014f640000-7f014f657000 r--s 0017d000 08:01 802753                     /home/hadoop/.m2/repository/org/apache/hadoop/hadoop-yarn-common/2.7.1/hadoop-yarn-common-2.7.1.jar
7f014f657000-7f014f670000 r--s 00161000 08:01 802471                     /home/hadoop/.m2/repository/org/apache/hadoop/hadoop-mapreduce-client-core/2.7.1/hadoop-mapreduce-client-core-2.7.1.jar
7f014f670000-7f014f68d000 r--s 001d0000 08:01 940517                     /home/hadoop/.m2/repository/org/apache/hadoop/hadoop-yarn-api/2.7.1/hadoop-yarn-api-2.7.1.jar
7f014f68d000-7f014f68e000 r--s 0000a000 08:01 802749                     /home/hadoop/.m2/repository/org/apache/hadoop/hadoop-mapreduce-client-shuffle/2.7.1/hadoop-mapreduce-client-shuffle-2.7.1.jar
7f014f68e000-7f014f695000 r--s 00052000 08:01 802747                     /home/hadoop/.m2/repository/org/apache/hadoop/hadoop-yarn-server-common/2.7.1/hadoop-yarn-server-common-2.7.1.jar
7f014f695000-7f014f698000 r--s 00020000 08:01 802745                     /home/hadoop/.m2/repository/org/apache/hadoop/hadoop-yarn-client/2.7.1/hadoop-yarn-client-2.7.1.jar
7f014f698000-7f014f6a5000 r--s 000ab000 08:01 802743                     /home/hadoop/.m2/repository/org/apache/hadoop/hadoop-mapreduce-client-common/2.7.1/hadoop-mapreduce-client-common-2.7.1.jar
7f014f6a5000-7f014f6af000 r--s 00075000 08:01 802741                     /home/hadoop/.m2/repository/org/apache/hadoop/hadoop-mapreduce-client-app/2.7.1/hadoop-mapreduce-client-app-2.7.1.jar
7f014f6af000-7f014f6b0000 r--s 00000000 08:01 802739                     /home/hadoop/.m2/repository/org/apache/hadoop/hadoop-client/2.7.1/hadoop-client-2.7.1.jar
7f014f6b0000-7f014f6b3000 r--s 000fd000 08:01 394177                     /home/hadoop/.m2/repository/org/fusesource/leveldbjni/leveldbjni-all/1.8/leveldbjni-all-1.8.jar
7f014f6b3000-7f014f6bb000 r--s 00028000 08:01 1191337                    /home/hadoop/.m2/repository/xml-apis/xml-apis/1.3.04/xml-apis-1.3.04.jar
7f014f6bb000-7f014f6d3000 r--s 00115000 08:01 1191335                    /home/hadoop/.m2/repository/xerces/xercesImpl/2.9.1/xercesImpl-2.9.1.jar
7f014f6d3000-7f014f6f0000 r--s 00196000 08:01 1066687                    /home/hadoop/.m2/repository/io/netty/netty-all/4.0.23.Final/netty-all-4.0.23.Final.jar
7f014f6f0000-7f014f6f1000 r--s 00005000 08:01 940513                     /home/hadoop/.m2/repository/commons-daemon/commons-daemon/1.0.13/commons-daemon-1.0.13.jar
7f014f6f1000-7f014f75b000 r--s 00777000 08:01 394176                     /home/hadoop/.m2/repository/org/apache/hadoop/hadoop-hdfs/2.7.1/hadoop-hdfs-2.7.1.jar
7f014f75b000-7f014f75f000 r--s 00014000 08:01 940506                     /home/hadoop/.m2/repository/org/tukaani/xz/1.0/xz-1.0.jar
7f014f75f000-7f014f764000 r--s 00036000 08:01 670919                     /home/hadoop/.m2/repository/org/apache/commons/commons-compress/1.4.1/commons-compress-1.4.1.jar
7f014f764000-7f014f77c000 r--s 00110000 08:01 670917                     /home/hadoop/.m2/repository/io/netty/netty/3.7.0.Final/netty-3.7.0.Final.jar
7f014f77c000-7f014f788000 r--s 000b6000 08:01 670914                     /home/hadoop/.m2/repository/org/apache/zookeeper/zookeeper/3.4.6/zookeeper-3.4.6.jar
7f014f788000-7f014f7a1000 r--s 00150000 08:01 1066683                    /home/hadoop/.m2/repository/org/apache/htrace/htrace-core/3.1.0-incubating/htrace-core-3.1.0-incubating.jar
7f014f7a1000-7f014f7a4000 r--s 00006000 08:01 940504                     /home/hadoop/.m2/repository/com/google/code/findbugs/jsr305/3.0.0/jsr305-3.0.0.jar
7f014f7a4000-7f014f7ac000 r--s 0003b000 08:01 802737                     /home/hadoop/.m2/repository/org/apache/curator/curator-recipes/2.7.1/curator-recipes-2.7.1.jar
7f014f7ac000-7f014f7ae000 r--s 0000f000 08:01 670915                     /home/hadoop/.m2/repository/org/apache/curator/curator-client/2.7.1/curator-client-2.7.1.jar
7f014f7ae000-7f014f7b1000 r--s 0002b000 08:01 670913                     /home/hadoop/.m2/repository/com/jcraft/jsch/0.1.42/jsch-0.1.42.jar
7f014f7b1000-7f014f7b7000 r--s 00028000 08:01 670911                     /home/hadoop/.m2/repository/org/apache/curator/curator-framework/2.7.1/curator-framework-2.7.1.jar
7f014f7b7000-7f014f7b9000 r--s 00012000 08:01 1191333                    /home/hadoop/.m2/repository/org/apache/directory/api/api-util/1.0.0-M20/api-util-1.0.0-M20.jar
7f014f7b9000-7f014f7bb000 r--s 00003000 08:01 1066666                    /home/hadoop/.m2/repository/org/apache/directory/api/api-asn1-api/1.0.0-M20/api-asn1-api-1.0.0-M20.jar
7f014f7bb000-7f014f7bc000 r--s 0000a000 08:01 940502                     /home/hadoop/.m2/repository/org/apache/directory/server/apacheds-i18n/2.0.0-M15/apacheds-i18n-2.0.0-M15.jar
7f014f7bc000-7f014f7ce000 r--s 00097000 08:01 394173                     /home/hadoop/.m2/repository/org/apache/directory/server/apacheds-kerberos-codec/2.0.0-M15/apacheds-kerberos-codec-2.0.0-M15.jar
7f014f7ce000-7f014f7d1000 r--s 0000f000 08:01 394171                     /home/hadoop/.m2/repository/org/apache/hadoop/hadoop-auth/2.7.1/hadoop-auth-2.7.1.jar
7f014f7d1000-7f014f7d6000 r--s 0002a000 08:01 394169                     /home/hadoop/.m2/repository/com/google/code/gson/gson/2.2.4/gson-2.2.4.jar
7f014f7d6000-7f014f9d6000 rw-p 00000000 00:00 0 
7f014f9d6000-7f014fbd6000 rw-p 00000000 00:00 0 
7f014fbd6000-7f014fbe7000 r-xp 00000000 08:01 950227                     /usr/local/jdk1.8.0_201/jre/lib/amd64/libnio.so
7f014fbe7000-7f014fde6000 ---p 00011000 08:01 950227                     /usr/local/jdk1.8.0_201/jre/lib/amd64/libnio.so
7f014fde6000-7f014fde7000 r--p 00010000 08:01 950227                     /usr/local/jdk1.8.0_201/jre/lib/amd64/libnio.so
7f014fde7000-7f014fde8000 rw-p 00011000 08:01 950227                     /usr/local/jdk1.8.0_201/jre/lib/amd64/libnio.so
7f014fde8000-7f014fdfe000 r-xp 00000000 08:01 950224                     /usr/local/jdk1.8.0_201/jre/lib/amd64/libnet.so
7f014fdfe000-7f014fffe000 ---p 00016000 08:01 950224                     /usr/local/jdk1.8.0_201/jre/lib/amd64/libnet.so
7f014fffe000-7f014ffff000 r--p 00016000 08:01 950224                     /usr/local/jdk1.8.0_201/jre/lib/amd64/libnet.so
7f014ffff000-7f0150000000 rw-p 00017000 08:01 950224                     /usr/local/jdk1.8.0_201/jre/lib/amd64/libnet.so
7f0150000000-7f0150021000 rw-p 00000000 00:00 0 
7f0150021000-7f0154000000 ---p 00000000 00:00 0 
7f0154000000-7f0154001000 r--s 00004000 08:01 394135                     /home/hadoop/.m2/repository/org/codehaus/jackson/jackson-jaxrs/1.8.3/jackson-jaxrs-1.8.3.jar
7f0154001000-7f0154003000 r--s 0000f000 08:01 1191319                    /home/hadoop/.m2/repository/org/codehaus/jettison/jettison/1.1/jettison-1.1.jar
7f0154003000-7f015400a000 r--s 0007d000 08:01 802725                     /home/hadoop/.m2/repository/org/mortbay/jetty/jetty/6.1.26/jetty-6.1.26.jar
7f015400a000-7f015400c000 r--s 00018000 08:01 802723                     /home/hadoop/.m2/repository/javax/servlet/servlet-api/2.5/servlet-api-2.5.jar
7f015400c000-7f015401a000 r--s 0007f000 08:01 670490                     /home/hadoop/.m2/repository/commons-collections/commons-collections/3.2.1/commons-collections-3.2.1.jar
7f015401a000-7f015401f000 r--s 0003e000 08:01 802721                     /home/hadoop/.m2/repository/commons-net/commons-net/3.1/commons-net-3.1.jar
7f015401f000-7f0154023000 r--s 0002a000 08:01 802719                     /home/hadoop/.m2/repository/commons-io/commons-io/2.4/commons-io-2.4.jar
7f0154023000-7f0154025000 r--s 0000d000 08:01 802717                     /home/hadoop/.m2/repository/commons-codec/commons-codec/1.4/commons-codec-1.4.jar
7f0154025000-7f015402b000 r--s 00045000 08:01 802715                     /home/hadoop/.m2/repository/commons-httpclient/commons-httpclient/3.1/commons-httpclient-3.1.jar
7f015402b000-7f015402c000 r--s 00003000 08:01 802714                     /home/hadoop/.m2/repository/xmlenc/xmlenc/0.52/xmlenc-0.52.jar
7f015402c000-7f0154049000 r--s 0016a000 08:01 802711                     /home/hadoop/.m2/repository/org/apache/commons/commons-math3/3.1.1/commons-math3-3.1.1.jar
7f0154049000-7f015404b000 r--s 00009000 08:01 802709                     /home/hadoop/.m2/repository/commons-cli/commons-cli/1.2/commons-cli-1.2.jar
7f015404b000-7f015406c000 r--s 00172000 08:01 670905                     /home/hadoop/.m2/repository/com/google/guava/guava/11.0.2/guava-11.0.2.jar
7f015406c000-7f015406e000 r--s 00003000 08:01 802707                     /home/hadoop/.m2/repository/org/apache/hadoop/hadoop-annotations/2.7.1/hadoop-annotations-2.7.1.jar
7f015406e000-7f01540a4000 r--s 00310000 08:01 802705                     /home/hadoop/.m2/repository/org/apache/hadoop/hadoop-common/2.7.1/hadoop-common-2.7.1.jar
7f01540a4000-7f015411d000 r--s 010fd000 08:01 805983                     /usr/local/jdk1.8.0_201/lib/tools.jar
7f015411d000-7f0154120000 r--s 0001b000 08:01 802869                     /home/hadoop/.m2/repository/junit/junit/3.8.2/junit-3.8.2.jar
7f0154120000-7f015412e000 r--s 0008f000 08:01 677507                     /home/hadoop/.m2/repository/com/google/collections/google-collections/1.0/google-collections-1.0.jar
7f015412e000-7f015412f000 r--s 0000a000 08:01 802843                     /home/hadoop/.m2/repository/commons-logging/commons-logging-api/1.1/commons-logging-api-1.1.jar
7f015412f000-7f0154136000 r--s 00051000 08:01 394219                     /home/hadoop/.m2/repository/log4j/log4j/1.2.12/log4j-1.2.12.jar
7f0154136000-7f015413a000 r--s 0001d000 08:01 677504                     /home/hadoop/.m2/repository/org/apache/xbean/xbean-reflect/3.4/xbean-reflect-3.4.jar
7f015413a000-7f015413b000 r--s 00004000 08:01 802863                     /home/hadoop/.m2/repository/org/codehaus/plexus/plexus-compiler-javac/2.2/plexus-compiler-javac-2.2.jar
7f015413b000-7f015413d000 r--s 00000000 08:01 802861                     /home/hadoop/.m2/repository/org/codehaus/plexus/plexus-compiler-manager/2.2/plexus-compiler-manager-2.2.jar
7f015413d000-7f015413f000 r--s 00005000 08:01 802851                     /home/hadoop/.m2/repository/org/codehaus/plexus/plexus-compiler-api/2.2/plexus-compiler-api-2.2.jar
7f015413f000-7f0154141000 r--s 00000000 08:01 677491                     /home/hadoop/.m2/repository/org/codehaus/plexus/plexus-component-annotations/1.5.5/plexus-component-annotations-1.5.5.jar
7f0154141000-7f0154143000 r--s 00002000 08:01 802175                     /home/hadoop/.m2/repository/org/apache/maven/shared/maven-shared-incremental/1.1/maven-shared-incremental-1.1.jar
7f0154143000-7f0154145000 r--s 00006000 08:01 670484                     /home/hadoop/.m2/repository/com/google/code/findbugs/jsr305/2.0.1/jsr305-2.0.1.jar
7f0154145000-7f0154148000 r--s 00023000 08:01 802858                     /home/hadoop/.m2/repository/org/apache/maven/shared/maven-shared-utils/0.1/maven-shared-utils-0.1.jar
7f0154148000-7f015414c000 r--s 00030000 08:01 677494                     /home/hadoop/.m2/repository/org/codehaus/plexus/plexus-utils/1.5.1/plexus-utils-1.5.1.jar
7f015414c000-7f015414e000 r--s 00009000 08:01 802478                     /home/hadoop/.m2/repository/org/apache/maven/plugins/maven-compiler-plugin/3.1/maven-compiler-plugin-3.1.jar
7f015414e000-7f0154150000 r--s 0000d000 08:01 670921                     /home/hadoop/.m2/repository/org/codehaus/plexus/plexus-interpolation/1.13/plexus-interpolation-1.13.jar
7f0154150000-7f0154152000 r--s 00009000 08:01 394210                     /home/hadoop/.m2/repository/org/apache/maven/shared/maven-filtering/1.1/maven-filtering-1.1.jar
7f0154152000-7f0154156000 r--s 00033000 08:01 670920                     /home/hadoop/.m2/repository/org/codehaus/plexus/plexus-utils/2.0.5/plexus-utils-2.0.5.jar
7f0154156000-7f0154159000 r--s 0001b000 08:01 1066698                    /home/hadoop/.m2/repository/junit/junit/3.8.1/junit-3.8.1.jar
7f0154159000-7f0154359000 rw-p 00000000 00:00 0 
7f0154359000-7f0154559000 rw-p 00000000 00:00 0 
7f0154559000-7f0154759000 rw-p 00000000 00:00 0 
7f0154759000-7f015475b000 r-xp 00000000 08:01 1185958                    /lib/x86_64-linux-gnu/libutil-2.27.so
7f015475b000-7f015495a000 ---p 00002000 08:01 1185958                    /lib/x86_64-linux-gnu/libutil-2.27.so
7f015495a000-7f015495b000 r--p 00001000 08:01 1185958                    /lib/x86_64-linux-gnu/libutil-2.27.so
7f015495b000-7f015495c000 rw-p 00002000 08:01 1185958                    /lib/x86_64-linux-gnu/libutil-2.27.so
7f015495c000-7f015495d000 r--s 00001000 08:01 394213                     /home/hadoop/.m2/repository/org/sonatype/plexus/plexus-build-api/0.0.4/plexus-build-api-0.0.4.jar
7f015495d000-7f015495f000 r--s 00002000 08:01 1191427                    /home/hadoop/.m2/repository/org/codehaus/plexus/plexus-interactivity-api/1.0-alpha-4/plexus-interactivity-api-1.0-alpha-4.jar
7f015495f000-7f0154961000 r--s 00006000 08:01 1066852                    /home/hadoop/.m2/repository/commons-cli/commons-cli/1.0/commons-cli-1.0.jar
7f0154961000-7f0154962000 r--s 00001000 08:01 946131                     /home/hadoop/.m2/repository/org/apache/maven/doxia/doxia-sink-api/1.0-alpha-7/doxia-sink-api-1.0-alpha-7.jar
7f0154962000-7f0154963000 r--s 00002000 08:01 802781                     /home/hadoop/.m2/repository/org/apache/maven/reporting/maven-reporting-api/2.0.6/maven-reporting-api-2.0.6.jar
7f0154963000-7f0154965000 r--s 00006000 08:01 670812                     /home/hadoop/.m2/repository/org/apache/maven/plugins/maven-resources-plugin/2.6/maven-resources-plugin-2.6.jar
7f0154965000-7f0154969000 r--s 000a1000 08:01 950162                     /usr/local/jdk1.8.0_201/jre/lib/jsse.jar
7f0154969000-7f015496b000 r--s 00000000 08:01 788496                     /opt/apache-maven-3.6.1/lib/aopalliance-1.0.jar
7f015496b000-7f015496f000 r--s 00023000 08:01 788277                     /opt/apache-maven-3.6.1/lib/maven-resolver-util-1.3.3.jar
7f015496f000-7f0154972000 r-xp 00000000 08:01 786940                     /opt/apache-maven-3.6.1/lib/jansi-native/linux64/libjansi.so
7f0154972000-7f0154b71000 ---p 00003000 08:01 786940                     /opt/apache-maven-3.6.1/lib/jansi-native/linux64/libjansi.so
7f0154b71000-7f0154b72000 rw-p 00002000 08:01 786940                     /opt/apache-maven-3.6.1/lib/jansi-native/linux64/libjansi.so
7f0154b72000-7f0154b75000 r--s 00026000 08:01 788280                     /opt/apache-maven-3.6.1/lib/maven-shared-utils-3.2.1.jar
7f0154b75000-7f0154b76000 ---p 00000000 00:00 0 
7f0154b76000-7f0154c76000 rw-p 00000000 00:00 0 
7f0154c76000-7f0154c79000 ---p 00000000 00:00 0 
7f0154c79000-7f0154d77000 rw-p 00000000 00:00 0 
7f0154d77000-7f0154d78000 ---p 00000000 00:00 0 
7f0154d78000-7f0154d7b000 ---p 00000000 00:00 0 
7f0154d7b000-7f0154e78000 rw-p 00000000 00:00 0 
7f0154e78000-7f0154e79000 ---p 00000000 00:00 0 
7f0154e79000-7f0154e7c000 ---p 00000000 00:00 0 
7f0154e7c000-7f0154f79000 rw-p 00000000 00:00 0 
7f0154f79000-7f0154f7a000 ---p 00000000 00:00 0 
7f0154f7a000-7f0154f7d000 ---p 00000000 00:00 0 
7f0154f7d000-7f015507a000 rw-p 00000000 00:00 0 
7f015507a000-7f015507d000 ---p 00000000 00:00 0 
7f015507d000-7f015517b000 rw-p 00000000 00:00 0 
7f015517b000-7f0155b4a000 r--p 00000000 08:01 269333                     /usr/lib/locale/locale-archive
7f0155b4a000-7f0155b4d000 ---p 00000000 00:00 0 
7f0155b4d000-7f0155c4b000 rw-p 00000000 00:00 0 
7f0155c4b000-7f0155c4e000 ---p 00000000 00:00 0 
7f0155c4e000-7f0155d4c000 rw-p 00000000 00:00 0 
7f0155d4c000-7f0155d4d000 ---p 00000000 00:00 0 
7f0155d4d000-7f0158000000 rw-p 00000000 00:00 0 
7f0158000000-7f0158021000 rw-p 00000000 00:00 0 
7f0158021000-7f015c000000 ---p 00000000 00:00 0 
7f015c000000-7f015c001000 r--s 00002000 08:01 790167                     /opt/apache-maven-3.6.1/lib/wagon-file-3.3.2.jar
7f015c001000-7f015c002000 r--s 00001000 08:01 788206                     /opt/apache-maven-3.6.1/lib/jsr250-api-1.0.jar
7f015c002000-7f015c004000 r--s 0000a000 08:01 788203                     /opt/apache-maven-3.6.1/lib/maven-plugin-api-3.6.1.jar
7f015c004000-7f015c005000 r--s 0000a000 08:01 787833                     /opt/apache-maven-3.6.1/lib/maven-settings-3.6.1.jar
7f015c005000-7f015c007000 r--s 00002000 08:01 788194                     /opt/apache-maven-3.6.1/lib/plexus-cipher-1.7.jar
7f015c007000-7f015c009000 r--s 0000c000 08:01 789853                     /opt/apache-maven-3.6.1/lib/wagon-provider-api-3.3.2.jar
7f015c009000-7f015c00e000 r--s 00027000 08:01 788209                     /opt/apache-maven-3.6.1/lib/maven-model-builder-3.6.1.jar
7f015c00e000-7f015c010000 r--s 00003000 08:01 788500                     /opt/apache-maven-3.6.1/lib/jsr305-3.0.2.jar
7f015c010000-7f015c013000 r--s 00016000 08:01 787832                     /opt/apache-maven-3.6.1/lib/maven-embedder-3.6.1.jar
7f015c013000-7f015c015000 r--s 00002000 08:01 789398                     /opt/apache-maven-3.6.1/lib/error_prone_annotations-2.1.3.jar
7f015c015000-7f015c045000 r--s 00249000 08:01 788499                     /opt/apache-maven-3.6.1/lib/guava-25.1-android.jar
7f015c045000-7f015c048000 r--s 0000c000 08:01 788201                     /opt/apache-maven-3.6.1/lib/maven-artifact-3.6.1.jar
7f015c048000-7f015c04a000 r--s 00000000 08:01 788095                     /opt/apache-maven-3.6.1/lib/plexus-component-annotations-1.7.1.jar
7f015c04a000-7f015c04c000 r--s 0000c000 08:01 789838                     /opt/apache-maven-3.6.1/lib/commons-cli-1.4.jar
7f015c04c000-7f015c050000 r--s 0002f000 08:01 788281                     /opt/apache-maven-3.6.1/lib/commons-io-2.5.jar
7f015c050000-7f015c053000 r--s 0002b000 08:01 788196                     /opt/apache-maven-3.6.1/lib/maven-model-3.6.1.jar
7f015c053000-7f015c057000 r--s 00042000 08:01 790171                     /opt/apache-maven-3.6.1/lib/jansi-1.17.1.jar
7f015c057000-7f015c05a000 r--s 00012000 08:01 788094                     /opt/apache-maven-3.6.1/lib/plexus-interpolation-1.25.jar
7f015c05a000-7f015c05c000 r--s 00009000 08:01 787835                     /opt/apache-maven-3.6.1/lib/maven-settings-builder-3.6.1.jar
7f015c05c000-7f015c05d000 r--s 00000000 08:01 789829                     /opt/apache-maven-3.6.1/lib/animal-sniffer-annotations-1.14.jar
7f015c05d000-7f015c05e000 r--s 00003000 08:01 788093                     /opt/apache-maven-3.6.1/lib/maven-builder-support-3.6.1.jar
7f015c05e000-7f015c062000 r--s 00029000 08:01 788278                     /opt/apache-maven-3.6.1/lib/maven-resolver-impl-1.3.3.jar
7f015c062000-7f015c064000 r--s 00007000 08:01 788276                     /opt/apache-maven-3.6.1/lib/maven-resolver-spi-1.3.3.jar
7f015c064000-7f015c06a000 r--s 0002d000 08:01 788204                     /opt/apache-maven-3.6.1/lib/org.eclipse.sisu.plexus-0.3.3.jar
7f015c06a000-7f015c06c000 r--s 00003000 08:01 789872                     /opt/apache-maven-3.6.1/lib/jcl-over-slf4j-1.7.25.jar
7f015c06c000-7f015c06e000 r--s 00009000 08:01 790168                     /opt/apache-maven-3.6.1/lib/maven-resolver-connector-basic-1.3.3.jar
7f015c06e000-7f015c076000 r--s 00073000 08:01 788202                     /opt/apache-maven-3.6.1/lib/commons-lang3-3.8.1.jar
7f015c076000-7f015c077000 r--s 00006000 08:01 788193                     /opt/apache-maven-3.6.1/lib/plexus-sec-dispatcher-1.4.jar
7f015c077000-7f015c078000 r--s 00006000 08:01 788200                     /opt/apache-maven-3.6.1/lib/maven-repository-metadata-3.6.1.jar
7f015c078000-7f015c083000 r--s 00075000 08:01 788282                     /opt/apache-maven-3.6.1/lib/guice-4.2.1-no_aop.jar
7f015c083000-7f015c084000 r--s 00005000 08:01 790170                     /opt/apache-maven-3.6.1/lib/maven-slf4j-provider-3.6.1.jar
7f015c084000-7f015c087000 r--s 00008000 08:01 788205                     /opt/apache-maven-3.6.1/lib/cdi-api-1.0.jar
7f015c087000-7f015c094000 r--s 0008e000 08:01 788195                     /opt/apache-maven-3.6.1/lib/maven-core-3.6.1.jar
7f015c094000-7f015c09a000 r--s 00041000 08:01 789847                     /opt/apache-maven-3.6.1/lib/maven-compat-3.6.1.jar
7f015c09a000-7f015c0a1000 r--s 00056000 08:01 788208                     /opt/apache-maven-3.6.1/lib/org.eclipse.sisu.inject-0.3.3.jar
7f015c0a1000-7f015c0a5000 r--s 0003d000 08:01 787834                     /opt/apache-maven-3.6.1/lib/plexus-utils-3.2.0.jar
7f015c0a5000-7f015c0aa000 r--s 00020000 08:01 788211                     /opt/apache-maven-3.6.1/lib/maven-resolver-api-1.3.3.jar
7f015c0aa000-7f015c0d8000 r--s 001eb000 08:01 789855                     /opt/apache-maven-3.6.1/lib/wagon-http-3.3.2-shaded.jar
7f015c0d8000-7f015d000000 rw-p 00000000 00:00 0 
7f015d000000-7f015db30000 rwxp 00000000 00:00 0 
7f015db30000-7f016c000000 ---p 00000000 00:00 0 
7f016c000000-7f016d534000 rw-p 00000000 00:00 0 
7f016d534000-7f0170000000 ---p 00000000 00:00 0 
7f0170000000-7f0170002000 r--s 0000f000 08:01 788210                     /opt/apache-maven-3.6.1/lib/maven-resolver-provider-3.6.1.jar
7f0170002000-7f017058b000 rw-p 00000000 00:00 0 
7f017058b000-7f0170765000 r--s 03d6f000 08:01 950111                     /usr/local/jdk1.8.0_201/jre/lib/rt.jar
7f0170765000-7f01709c6000 rw-p 00000000 00:00 0 
7f01709c6000-7f01709c7000 ---p 00000000 00:00 0 
7f01709c7000-7f0170ac7000 rw-p 00000000 00:00 0 
7f0170ac7000-7f0170ac8000 ---p 00000000 00:00 0 
7f0170ac8000-7f0170bc8000 rw-p 00000000 00:00 0 
7f0170bc8000-7f0170bc9000 ---p 00000000 00:00 0 
7f0170bc9000-7f0170cc9000 rw-p 00000000 00:00 0 
7f0170cc9000-7f0170cca000 ---p 00000000 00:00 0 
7f0170cca000-7f0170ddf000 rw-p 00000000 00:00 0 
7f0170ddf000-7f0170f12000 ---p 00000000 00:00 0 
7f0170f12000-7f0170f27000 rw-p 00000000 00:00 0 
7f0170f27000-7f0171059000 ---p 00000000 00:00 0 
7f0171059000-7f01710a0000 rw-p 00000000 00:00 0 
7f01710a0000-7f01710fd000 ---p 00000000 00:00 0 
7f01710fd000-7f017112b000 rw-p 00000000 00:00 0 
7f017112b000-7f01714be000 ---p 00000000 00:00 0 
7f01714be000-7f01714d9000 r-xp 00000000 08:01 950220                     /usr/local/jdk1.8.0_201/jre/lib/amd64/libzip.so
7f01714d9000-7f01716d8000 ---p 0001b000 08:01 950220                     /usr/local/jdk1.8.0_201/jre/lib/amd64/libzip.so
7f01716d8000-7f01716d9000 r--p 0001a000 08:01 950220                     /usr/local/jdk1.8.0_201/jre/lib/amd64/libzip.so
7f01716d9000-7f01716da000 rw-p 0001b000 08:01 950220                     /usr/local/jdk1.8.0_201/jre/lib/amd64/libzip.so
7f01716da000-7f01716e5000 r-xp 00000000 08:01 1185883                    /lib/x86_64-linux-gnu/libnss_files-2.27.so
7f01716e5000-7f01718e4000 ---p 0000b000 08:01 1185883                    /lib/x86_64-linux-gnu/libnss_files-2.27.so
7f01718e4000-7f01718e5000 r--p 0000a000 08:01 1185883                    /lib/x86_64-linux-gnu/libnss_files-2.27.so
7f01718e5000-7f01718e6000 rw-p 0000b000 08:01 1185883                    /lib/x86_64-linux-gnu/libnss_files-2.27.so
7f01718e6000-7f01718ec000 rw-p 00000000 00:00 0 
7f01718ec000-7f0171903000 r-xp 00000000 08:01 1185877                    /lib/x86_64-linux-gnu/libnsl-2.27.so
7f0171903000-7f0171b02000 ---p 00017000 08:01 1185877                    /lib/x86_64-linux-gnu/libnsl-2.27.so
7f0171b02000-7f0171b03000 r--p 00016000 08:01 1185877                    /lib/x86_64-linux-gnu/libnsl-2.27.so
7f0171b03000-7f0171b04000 rw-p 00017000 08:01 1185877                    /lib/x86_64-linux-gnu/libnsl-2.27.so
7f0171b04000-7f0171b06000 rw-p 00000000 00:00 0 
7f0171b06000-7f0171b11000 r-xp 00000000 08:01 1185894                    /lib/x86_64-linux-gnu/libnss_nis-2.27.so
7f0171b11000-7f0171d10000 ---p 0000b000 08:01 1185894                    /lib/x86_64-linux-gnu/libnss_nis-2.27.so
7f0171d10000-7f0171d11000 r--p 0000a000 08:01 1185894                    /lib/x86_64-linux-gnu/libnss_nis-2.27.so
7f0171d11000-7f0171d12000 rw-p 0000b000 08:01 1185894                    /lib/x86_64-linux-gnu/libnss_nis-2.27.so
7f0171d12000-7f0171d1a000 r-xp 00000000 08:01 1185879                    /lib/x86_64-linux-gnu/libnss_compat-2.27.so
7f0171d1a000-7f0171f1a000 ---p 00008000 08:01 1185879                    /lib/x86_64-linux-gnu/libnss_compat-2.27.so
7f0171f1a000-7f0171f1b000 r--p 00008000 08:01 1185879                    /lib/x86_64-linux-gnu/libnss_compat-2.27.so
7f0171f1b000-7f0171f1c000 rw-p 00009000 08:01 1185879                    /lib/x86_64-linux-gnu/libnss_compat-2.27.so
7f0171f1c000-7f0171f48000 r-xp 00000000 08:01 950214                     /usr/local/jdk1.8.0_201/jre/lib/amd64/libjava.so
7f0171f48000-7f0172148000 ---p 0002c000 08:01 950214                     /usr/local/jdk1.8.0_201/jre/lib/amd64/libjava.so
7f0172148000-7f0172149000 r--p 0002c000 08:01 950214                     /usr/local/jdk1.8.0_201/jre/lib/amd64/libjava.so
7f0172149000-7f017214b000 rw-p 0002d000 08:01 950214                     /usr/local/jdk1.8.0_201/jre/lib/amd64/libjava.so
7f017214b000-7f0172158000 r-xp 00000000 08:01 950219                     /usr/local/jdk1.8.0_201/jre/lib/amd64/libverify.so
7f0172158000-7f0172357000 ---p 0000d000 08:01 950219                     /usr/local/jdk1.8.0_201/jre/lib/amd64/libverify.so
7f0172357000-7f0172359000 r--p 0000c000 08:01 950219                     /usr/local/jdk1.8.0_201/jre/lib/amd64/libverify.so
7f0172359000-7f017235a000 rw-p 0000e000 08:01 950219                     /usr/local/jdk1.8.0_201/jre/lib/amd64/libverify.so
7f017235a000-7f0172361000 r-xp 00000000 08:01 1185934                    /lib/x86_64-linux-gnu/librt-2.27.so
7f0172361000-7f0172560000 ---p 00007000 08:01 1185934                    /lib/x86_64-linux-gnu/librt-2.27.so
7f0172560000-7f0172561000 r--p 00006000 08:01 1185934                    /lib/x86_64-linux-gnu/librt-2.27.so
7f0172561000-7f0172562000 rw-p 00007000 08:01 1185934                    /lib/x86_64-linux-gnu/librt-2.27.so
7f0172562000-7f01726ff000 r-xp 00000000 08:01 1185856                    /lib/x86_64-linux-gnu/libm-2.27.so
7f01726ff000-7f01728fe000 ---p 0019d000 08:01 1185856                    /lib/x86_64-linux-gnu/libm-2.27.so
7f01728fe000-7f01728ff000 r--p 0019c000 08:01 1185856                    /lib/x86_64-linux-gnu/libm-2.27.so
7f01728ff000-7f0172900000 rw-p 0019d000 08:01 1185856                    /lib/x86_64-linux-gnu/libm-2.27.so
7f0172900000-7f01735e8000 r-xp 00000000 08:01 950196                     /usr/local/jdk1.8.0_201/jre/lib/amd64/server/libjvm.so
7f01735e8000-7f01737e7000 ---p 00ce8000 08:01 950196                     /usr/local/jdk1.8.0_201/jre/lib/amd64/server/libjvm.so
7f01737e7000-7f017387d000 r--p 00ce7000 08:01 950196                     /usr/local/jdk1.8.0_201/jre/lib/amd64/server/libjvm.so
7f017387d000-7f01738ae000 rw-p 00d7d000 08:01 950196                     /usr/local/jdk1.8.0_201/jre/lib/amd64/server/libjvm.so
7f01738ae000-7f01738e9000 rw-p 00000000 00:00 0 
7f01738e9000-7f0173ad0000 r-xp 00000000 08:01 1185793                    /lib/x86_64-linux-gnu/libc-2.27.so
7f0173ad0000-7f0173cd0000 ---p 001e7000 08:01 1185793                    /lib/x86_64-linux-gnu/libc-2.27.so
7f0173cd0000-7f0173cd4000 r--p 001e7000 08:01 1185793                    /lib/x86_64-linux-gnu/libc-2.27.so
7f0173cd4000-7f0173cd6000 rw-p 001eb000 08:01 1185793                    /lib/x86_64-linux-gnu/libc-2.27.so
7f0173cd6000-7f0173cda000 rw-p 00000000 00:00 0 
7f0173cda000-7f0173cdd000 r-xp 00000000 08:01 1185816                    /lib/x86_64-linux-gnu/libdl-2.27.so
7f0173cdd000-7f0173edc000 ---p 00003000 08:01 1185816                    /lib/x86_64-linux-gnu/libdl-2.27.so
7f0173edc000-7f0173edd000 r--p 00002000 08:01 1185816                    /lib/x86_64-linux-gnu/libdl-2.27.so
7f0173edd000-7f0173ede000 rw-p 00003000 08:01 1185816                    /lib/x86_64-linux-gnu/libdl-2.27.so
7f0173ede000-7f0173ef5000 r-xp 00000000 08:01 806089                     /usr/local/jdk1.8.0_201/lib/amd64/jli/libjli.so
7f0173ef5000-7f01740f4000 ---p 00017000 08:01 806089                     /usr/local/jdk1.8.0_201/lib/amd64/jli/libjli.so
7f01740f4000-7f01740f5000 r--p 00016000 08:01 806089                     /usr/local/jdk1.8.0_201/lib/amd64/jli/libjli.so
7f01740f5000-7f01740f6000 rw-p 00017000 08:01 806089                     /usr/local/jdk1.8.0_201/lib/amd64/jli/libjli.so
7f01740f6000-7f0174110000 r-xp 00000000 08:01 1185926                    /lib/x86_64-linux-gnu/libpthread-2.27.so
7f0174110000-7f017430f000 ---p 0001a000 08:01 1185926                    /lib/x86_64-linux-gnu/libpthread-2.27.so
7f017430f000-7f0174310000 r--p 00019000 08:01 1185926                    /lib/x86_64-linux-gnu/libpthread-2.27.so
7f0174310000-7f0174311000 rw-p 0001a000 08:01 1185926                    /lib/x86_64-linux-gnu/libpthread-2.27.so
7f0174311000-7f0174315000 rw-p 00000000 00:00 0 
7f0174315000-7f017433c000 r-xp 00000000 08:01 1185765                    /lib/x86_64-linux-gnu/ld-2.27.so
7f017433c000-7f017433e000 r--s 00009000 08:01 788279                     /opt/apache-maven-3.6.1/lib/slf4j-api-1.7.25.jar
7f017433e000-7f0174424000 rw-p 00000000 00:00 0 
7f0174424000-7f0174425000 ---p 00000000 00:00 0 
7f0174425000-7f0174428000 ---p 00000000 00:00 0 
7f0174428000-7f0174529000 rw-p 00000000 00:00 0 
7f0174529000-7f017452b000 r--s 00006000 08:01 789352                     /opt/apache-maven-3.6.1/lib/checker-compat-qual-2.0.0.jar
7f017452b000-7f017452d000 r--s 00006000 08:01 790169                     /opt/apache-maven-3.6.1/lib/maven-resolver-transport-wagon-1.3.3.jar
7f017452d000-7f017452f000 r--s 00001000 08:01 789399                     /opt/apache-maven-3.6.1/lib/j2objc-annotations-1.1.jar
7f017452f000-7f0174530000 r--s 00000000 08:01 788207                     /opt/apache-maven-3.6.1/lib/javax.inject-1.jar
7f0174530000-7f0174532000 r--s 0000b000 08:01 787831                     /opt/apache-maven-3.6.1/boot/plexus-classworlds-2.6.0.jar
7f0174532000-7f017453a000 rw-s 00000000 08:01 395169                     /tmp/hsperfdata_hadoop/22657
7f017453a000-7f017453b000 rw-p 00000000 00:00 0 
7f017453b000-7f017453c000 ---p 00000000 00:00 0 
7f017453c000-7f017453d000 r--p 00027000 08:01 1185765                    /lib/x86_64-linux-gnu/ld-2.27.so
7f017453d000-7f017453e000 rw-p 00028000 08:01 1185765                    /lib/x86_64-linux-gnu/ld-2.27.so
7f017453e000-7f017453f000 rw-p 00000000 00:00 0 
7fff863f4000-7fff86416000 rw-p 00000000 00:00 0                          [stack]
7fff864d1000-7fff864d4000 r--p 00000000 00:00 0                          [vvar]
7fff864d4000-7fff864d6000 r-xp 00000000 00:00 0                          [vdso]
ffffffffff600000-ffffffffff601000 r-xp 00000000 00:00 0                  [vsyscall]

VM Arguments:
jvm_args: -Dclassworlds.conf=/opt/apache-maven-3.6.1/bin/m2.conf -Dmaven.home=/opt/apache-maven-3.6.1 -Dlibrary.jansi.path=/opt/apache-maven-3.6.1/lib/jansi-native -Dmaven.multiModuleProjectDirectory=/home/hadoop/Workspace/Test/hadoop 
java_command: org.codehaus.plexus.classworlds.launcher.Launcher package
java_class_path (initial): /opt/apache-maven-3.6.1/boot/plexus-classworlds-2.6.0.jar
Launcher Type: SUN_STANDARD

Environment Variables:
JAVA_HOME=/usr/local/jdk1.8.0_201
CLASSPATH=/usr/local/jdk1.8.0_201/lib:.
PATH=/usr/local/jdk1.8.0_201/bin:/home/hadoop/hadoop_installs/hadoop-2.7.1/bin:/opt/apache-maven-3.6.1/bin:/usr/local/jdk1.8.0_201/bin:/home/hadoop/hadoop_installs/hadoop-2.7.1/bin:/opt/apache-maven-3.6.1/bin:/home/hadoop/.local/share/umake/bin:/usr/local/jdk1.8.0_201/bin:/home/hadoop/hadoop_installs/hadoop-2.7.1/bin:/usr/local/sbin:/usr/local/bin:/usr/sbin:/usr/bin:/sbin:/bin:/usr/games:/usr/local/games:/snap/bin:/home/hadoop/bin:/home/hadoop/bin:/home/hadoop/bin
USERNAME=hadoop
SHELL=/bin/bash
DISPLAY=:0

Signal Handlers:
SIGSEGV: [libjvm.so+0xad3e60], sa_mask[0]=11111111011111111101111111111110, sa_flags=SA_RESTART|SA_SIGINFO
SIGBUS: [libjvm.so+0xad3e60], sa_mask[0]=11111111011111111101111111111110, sa_flags=SA_RESTART|SA_SIGINFO
SIGFPE: [libjvm.so+0x90b880], sa_mask[0]=11111111011111111101111111111110, sa_flags=SA_RESTART|SA_SIGINFO
SIGPIPE: [libjvm.so+0x90b880], sa_mask[0]=11111111011111111101111111111110, sa_flags=SA_RESTART|SA_SIGINFO
SIGXFSZ: [libjvm.so+0x90b880], sa_mask[0]=11111111011111111101111111111110, sa_flags=SA_RESTART|SA_SIGINFO
SIGILL: [libjvm.so+0x90b880], sa_mask[0]=11111111011111111101111111111110, sa_flags=SA_RESTART|SA_SIGINFO
SIGUSR1: SIG_DFL, sa_mask[0]=00000000000000000000000000000000, sa_flags=none
SIGUSR2: [libjvm.so+0x90b750], sa_mask[0]=00000000000000000000000000000000, sa_flags=SA_RESTART|SA_SIGINFO
SIGHUP: [libjvm.so+0x90bd70], sa_mask[0]=11111111011111111101111111111110, sa_flags=SA_RESTART|SA_SIGINFO
SIGINT: [libjvm.so+0x90bd70], sa_mask[0]=11111111011111111101111111111110, sa_flags=SA_RESTART|SA_SIGINFO
SIGTERM: [libjvm.so+0x90bd70], sa_mask[0]=11111111011111111101111111111110, sa_flags=SA_RESTART|SA_SIGINFO
SIGQUIT: [libjvm.so+0x90bd70], sa_mask[0]=11111111011111111101111111111110, sa_flags=SA_RESTART|SA_SIGINFO


---------------  S Y S T E M  ---------------

OS:DISTRIB_ID=Ubuntu
DISTRIB_RELEASE=18.04
DISTRIB_CODENAME=bionic
DISTRIB_DESCRIPTION="Ubuntu 18.04.2 LTS"

uname:Linux 4.18.0-17-generic #18~18.04.1-Ubuntu SMP Fri Mar 15 15:27:12 UTC 2019 x86_64
libc:glibc 2.27 NPTL 2.27 
rlimit: STACK 8192k, CORE 0k, NPROC 15512, NOFILE 4096, AS infinity
load average:1.84 1.51 3.39

/proc/meminfo:
MemTotal:        4015488 kB
MemFree:          115200 kB
MemAvailable:      36212 kB
Buffers:            2960 kB
Cached:           123596 kB
SwapCached:         3860 kB
Active:          2332636 kB
Inactive:         592340 kB
Active(anon):    2316056 kB
Inactive(anon):   571276 kB
Active(file):      16580 kB
Inactive(file):    21064 kB
Unevictable:          16 kB
Mlocked:              16 kB
SwapTotal:        969960 kB
SwapFree:              0 kB
Dirty:               204 kB
Writeback:             0 kB
AnonPages:       2795612 kB
Mapped:            96864 kB
Shmem:             88636 kB
Slab:             137320 kB
SReclaimable:      45192 kB
SUnreclaim:        92128 kB
KernelStack:       24208 kB
PageTables:        67188 kB
NFS_Unstable:          0 kB
Bounce:                0 kB
WritebackTmp:          0 kB
CommitLimit:     2977704 kB
Committed_AS:   10691636 kB
VmallocTotal:   34359738367 kB
VmallocUsed:           0 kB
VmallocChunk:          0 kB
HardwareCorrupted:     0 kB
AnonHugePages:         0 kB
ShmemHugePages:        0 kB
ShmemPmdMapped:        0 kB
CmaTotal:              0 kB
CmaFree:               0 kB
HugePages_Total:       0
HugePages_Free:        0
HugePages_Rsvd:        0
HugePages_Surp:        0
Hugepagesize:       2048 kB
Hugetlb:               0 kB
DirectMap4k:      364352 kB
DirectMap2M:     3829760 kB
DirectMap1G:     2097152 kB

container (cgroup) information:
container_type: cgroupv1
cpu_cpuset_cpus: 0-3
cpu_memory_nodes: 0
active_processor_count: 4
cpu_quota: -1
cpu_period: 100000
cpu_shares: -1
memory_limit_in_bytes: -1
memory_and_swap_limit_in_bytes: -2
memory_soft_limit_in_bytes: -1
memory_usage_in_bytes: 2993287168
memory_max_usage_in_bytes: 568115200


CPU:total 4 (initial active 4) (2 cores per cpu, 1 threads per core) family 6 model 78 stepping 3, cmov, cx8, fxsr, mmx, sse, sse2, sse3, ssse3, sse4.1, sse4.2, popcnt, avx, avx2, aes, clmul, erms, 3dnowpref, lzcnt, tsc, tscinvbit, bmi1, bmi2, adx

/proc/cpuinfo:
processor	: 0
vendor_id	: GenuineIntel
cpu family	: 6
model		: 78
model name	: Intel(R) Core(TM) i7-6500U CPU @ 2.50GHz
stepping	: 3
microcode	: 0xc6
cpu MHz		: 2601.000
cache size	: 4096 KB
physical id	: 0
siblings	: 2
core id		: 0
cpu cores	: 2
apicid		: 0
initial apicid	: 0
fpu		: yes
fpu_exception	: yes
cpuid level	: 22
wp		: yes
flags		: fpu vme de pse tsc msr pae mce cx8 apic sep mtrr pge mca cmov pat pse36 clflush dts mmx fxsr sse sse2 ss ht syscall nx pdpe1gb rdtscp lm constant_tsc arch_perfmon pebs bts nopl xtopology tsc_reliable nonstop_tsc cpuid aperfmperf pni pclmulqdq ssse3 fma cx16 pcid sse4_1 sse4_2 x2apic movbe popcnt tsc_deadline_timer aes xsave avx f16c rdrand hypervisor lahf_lm abm 3dnowprefetch cpuid_fault epb invpcid_single pti fsgsbase tsc_adjust bmi1 avx2 smep bmi2 invpcid rdseed adx smap xsaveopt dtherm ida arat pln pts hwp hwp_notify hwp_act_window hwp_epp
bugs		: cpu_meltdown spectre_v1 spectre_v2 spec_store_bypass l1tf
bogomips	: 5202.00
clflush size	: 64
cache_alignment	: 64
address sizes	: 42 bits physical, 48 bits virtual
power management:

processor	: 1
vendor_id	: GenuineIntel
cpu family	: 6
model		: 78
model name	: Intel(R) Core(TM) i7-6500U CPU @ 2.50GHz
stepping	: 3
microcode	: 0xc6
cpu MHz		: 2601.000
cache size	: 4096 KB
physical id	: 0
siblings	: 2
core id		: 1
cpu cores	: 2
apicid		: 1
initial apicid	: 1
fpu		: yes
fpu_exception	: yes
cpuid level	: 22
wp		: yes
flags		: fpu vme de pse tsc msr pae mce cx8 apic sep mtrr pge mca cmov pat pse36 clflush dts mmx fxsr sse sse2 ss ht syscall nx pdpe1gb rdtscp lm constant_tsc arch_perfmon pebs bts nopl xtopology tsc_reliable nonstop_tsc cpuid aperfmperf pni pclmulqdq ssse3 fma cx16 pcid sse4_1 sse4_2 x2apic movbe popcnt tsc_deadline_timer aes xsave avx f16c rdrand hypervisor lahf_lm abm 3dnowprefetch cpuid_fault epb invpcid_single pti fsgsbase tsc_adjust bmi1 avx2 smep bmi2 invpcid rdseed adx smap xsaveopt dtherm ida arat pln pts hwp hwp_notify hwp_act_window hwp_epp
bugs		: cpu_meltdown spectre_v1 spectre_v2 spec_store_bypass l1tf
bogomips	: 5202.00
clflush size	: 64
cache_alignment	: 64
address sizes	: 42 bits physical, 48 bits virtual
power management:

processor	: 2
vendor_id	: GenuineIntel
cpu family	: 6
model		: 78
model name	: Intel(R) Core(TM) i7-6500U CPU @ 2.50GHz
stepping	: 3
microcode	: 0xc6
cpu MHz		: 2601.000
cache size	: 4096 KB
physical id	: 1
siblings	: 2
core id		: 0
cpu cores	: 2
apicid		: 2
initial apicid	: 2
fpu		: yes
fpu_exception	: yes
cpuid level	: 22
wp		: yes
flags		: fpu vme de pse tsc msr pae mce cx8 apic sep mtrr pge mca cmov pat pse36 clflush dts mmx fxsr sse sse2 ss ht syscall nx pdpe1gb rdtscp lm constant_tsc arch_perfmon pebs bts nopl xtopology tsc_reliable nonstop_tsc cpuid aperfmperf pni pclmulqdq ssse3 fma cx16 pcid sse4_1 sse4_2 x2apic movbe popcnt tsc_deadline_timer aes xsave avx f16c rdrand hypervisor lahf_lm abm 3dnowprefetch cpuid_fault epb invpcid_single pti fsgsbase tsc_adjust bmi1 avx2 smep bmi2 invpcid rdseed adx smap xsaveopt dtherm ida arat pln pts hwp hwp_notify hwp_act_window hwp_epp
bugs		: cpu_meltdown spectre_v1 spectre_v2 spec_store_bypass l1tf
bogomips	: 5202.00
clflush size	: 64
cache_alignment	: 64
address sizes	: 42 bits physical, 48 bits virtual
power management:

processor	: 3
vendor_id	: GenuineIntel
cpu family	: 6
model		: 78
model name	: Intel(R) Core(TM) i7-6500U CPU @ 2.50GHz
stepping	: 3
microcode	: 0xc6
cpu MHz		: 2601.000
cache size	: 4096 KB
physical id	: 1
siblings	: 2
core id		: 1
cpu cores	: 2
apicid		: 3
initial apicid	: 3
fpu		: yes
fpu_exception	: yes
cpuid level	: 22
wp		: yes
flags		: fpu vme de pse tsc msr pae mce cx8 apic sep mtrr pge mca cmov pat pse36 clflush dts mmx fxsr sse sse2 ss ht syscall nx pdpe1gb rdtscp lm constant_tsc arch_perfmon pebs bts nopl xtopology tsc_reliable nonstop_tsc cpuid aperfmperf pni pclmulqdq ssse3 fma cx16 pcid sse4_1 sse4_2 x2apic movbe popcnt tsc_deadline_timer aes xsave avx f16c rdrand hypervisor lahf_lm abm 3dnowprefetch cpuid_fault epb invpcid_single pti fsgsbase tsc_adjust bmi1 avx2 smep bmi2 invpcid rdseed adx smap xsaveopt dtherm ida arat pln pts hwp hwp_notify hwp_act_window hwp_epp
bugs		: cpu_meltdown spectre_v1 spectre_v2 spec_store_bypass l1tf
bogomips	: 5202.00
clflush size	: 64
cache_alignment	: 64
address sizes	: 42 bits physical, 48 bits virtual
power management:



Memory: 4k page, physical 4015488k(112348k free), swap 969960k(0k free)

vm_info: Java HotSpot(TM) 64-Bit Server VM (25.201-b09) for linux-amd64 JRE (1.8.0_201-b09), built on Dec 15 2018 11:35:59 by "java_re" with gcc 7.3.0

time: Mon Apr 22 10:02:06 2019
timezone: PDT
elapsed time: 8 seconds (0d 0h 0m 8s)

